<?xml version="1.0" encoding="UTF-8" ?>
<testsuite tests="36" failures="0" name="org.datacite.schema.test.BasicTest" time="1.67" errors="0" skipped="0">
  <properties>
[...]
</properties>
  <testcase classname="org.datacite.schema.test.BasicTest" name="testHasIndexHtml[SchemaDirectory [name=kernel-2.1]]" time="0.002"/>
  <testcase classname="org.datacite.schema.test.BasicTest" name="testHasExamples[SchemaDirectory [name=kernel-2.1]]" time="0.009"/>
  <testcase classname="org.datacite.schema.test.BasicTest" name="testHasSchema[SchemaDirectory [name=kernel-2.1]]" time="0.001"/>
  <testcase classname="org.datacite.schema.test.BasicTest" name="testHasValidSchema[SchemaDirectory [name=kernel-2.1]]" time="0.234"/>
  <testcase classname="org.datacite.schema.test.BasicTest" name="testSchemaNamespace[SchemaDirectory [name=kernel-2.1]]" time="0.035"/>
  <testcase classname="org.datacite.schema.test.BasicTest" name="testHasDocumentation[SchemaDirectory [name=kernel-2.1]]" time="0"/>
  <testcase classname="org.datacite.schema.test.BasicTest" name="testHasIndexHtml[SchemaDirectory [name=kernel-2.2]]" time="0"/>
  <testcase classname="org.datacite.schema.test.BasicTest" name="testHasExamples[SchemaDirectory [name=kernel-2.2]]" time="0"/>
  <testcase classname="org.datacite.schema.test.BasicTest" name="testHasSchema[SchemaDirectory [name=kernel-2.2]]" time="0"/>
  <testcase classname="org.datacite.schema.test.BasicTest" name="testHasValidSchema[SchemaDirectory [name=kernel-2.2]]" time="0.019"/>
  <testcase classname="org.datacite.schema.test.BasicTest" name="testSchemaNamespace[SchemaDirectory [name=kernel-2.2]]" time="0.009"/>
  <testcase classname="org.datacite.schema.test.BasicTest" name="testHasDocumentation[SchemaDirectory [name=kernel-2.2]]" time="0"/>
  <testcase classname="org.datacite.schema.test.BasicTest" name="testHasIndexHtml[SchemaDirectory [name=kernel-3]]" time="0.001"/>
  <testcase classname="org.datacite.schema.test.BasicTest" name="testHasExamples[SchemaDirectory [name=kernel-3]]" time="0"/>
  <testcase classname="org.datacite.schema.test.BasicTest" name="testHasSchema[SchemaDirectory [name=kernel-3]]" time="0"/>
  <testcase classname="org.datacite.schema.test.BasicTest" name="testHasValidSchema[SchemaDirectory [name=kernel-3]]" time="0.809"/>
  <testcase classname="org.datacite.schema.test.BasicTest" name="testSchemaNamespace[SchemaDirectory [name=kernel-3]]" time="0.002"/>
  <testcase classname="org.datacite.schema.test.BasicTest" name="testHasDocumentation[SchemaDirectory [name=kernel-3]]" time="0"/>
  <testcase classname="org.datacite.schema.test.BasicTest" name="testHasIndexHtml[SchemaDirectory [name=kernel-3.0]]" time="0"/>
  <testcase classname="org.datacite.schema.test.BasicTest" name="testHasExamples[SchemaDirectory [name=kernel-3.0]]" time="0.008"/>
  <testcase classname="org.datacite.schema.test.BasicTest" name="testHasSchema[SchemaDirectory [name=kernel-3.0]]" time="0"/>
  <testcase classname="org.datacite.schema.test.BasicTest" name="testHasValidSchema[SchemaDirectory [name=kernel-3.0]]" time="0.172"/>
  <testcase classname="org.datacite.schema.test.BasicTest" name="testSchemaNamespace[SchemaDirectory [name=kernel-3.0]]" time="0.003"/>
  <testcase classname="org.datacite.schema.test.BasicTest" name="testHasDocumentation[SchemaDirectory [name=kernel-3.0]]" time="0"/>
  <testcase classname="org.datacite.schema.test.BasicTest" name="testHasIndexHtml[SchemaDirectory [name=kernel-3.1]]" time="0"/>
  <testcase classname="org.datacite.schema.test.BasicTest" name="testHasExamples[SchemaDirectory [name=kernel-3.1]]" time="0"/>
  <testcase classname="org.datacite.schema.test.BasicTest" name="testHasSchema[SchemaDirectory [name=kernel-3.1]]" time="0"/>
  <testcase classname="org.datacite.schema.test.BasicTest" name="testHasValidSchema[SchemaDirectory [name=kernel-3.1]]" time="0.18"/>
  <testcase classname="org.datacite.schema.test.BasicTest" name="testSchemaNamespace[SchemaDirectory [name=kernel-3.1]]" time="0.001"/>
  <testcase classname="org.datacite.schema.test.BasicTest" name="testHasDocumentation[SchemaDirectory [name=kernel-3.1]]" time="0.009"/>
  <testcase classname="org.datacite.schema.test.BasicTest" name="testHasIndexHtml[SchemaDirectory [name=kernel-4]]" time="0"/>
  <testcase classname="org.datacite.schema.test.BasicTest" name="testHasExamples[SchemaDirectory [name=kernel-4]]" time="0"/>
  <testcase classname="org.datacite.schema.test.BasicTest" name="testHasSchema[SchemaDirectory [name=kernel-4]]" time="0"/>
  <testcase classname="org.datacite.schema.test.BasicTest" name="testHasValidSchema[SchemaDirectory [name=kernel-4]]" time="0.172"/>
  <testcase classname="org.datacite.schema.test.BasicTest" name="testSchemaNamespace[SchemaDirectory [name=kernel-4]]" time="0.004"/>
  <testcase classname="org.datacite.schema.test.BasicTest" name="testHasDocumentation[SchemaDirectory [name=kernel-4]]" time="0"/>
</testsuite>