<?xml version="1.0" encoding="UTF-8" ?>
<testsuite tests="228" failures="0" name="org.datacite.schema.test.ValidationTest" time="15.719" errors="0" skipped="0">
  <properties>
[...]
</properties>
  <testcase classname="org.datacite.schema.test.ValidationTest" name="testExampleSchemaLocation[build/meta/kernel-2.1/example/datacite-metadata-sample-v2.1.xml]" time="0.007"/>
  <testcase classname="org.datacite.schema.test.ValidationTest" name="testExampleValidToMajorSchema[build/meta/kernel-2.1/example/datacite-metadata-sample-v2.1.xml]" time="0.038"/>
  <testcase classname="org.datacite.schema.test.ValidationTest" name="testExampleValid[build/meta/kernel-2.1/example/datacite-metadata-sample-v2.1.xml]" time="0.028"/>
  <testcase classname="org.datacite.schema.test.ValidationTest" name="testExampleNamespace[build/meta/kernel-2.1/example/datacite-metadata-sample-v2.1.xml]" time="0"/>
  <testcase classname="org.datacite.schema.test.ValidationTest" name="testExampleSchemaLocation[build/meta/kernel-2.2/example/datacite-metadata-sample-3Dmodel-v2.2.xml]" time="0.006"/>
  <testcase classname="org.datacite.schema.test.ValidationTest" name="testExampleValidToMajorSchema[build/meta/kernel-2.2/example/datacite-metadata-sample-3Dmodel-v2.2.xml]" time="0.017"/>
  <testcase classname="org.datacite.schema.test.ValidationTest" name="testExampleValid[build/meta/kernel-2.2/example/datacite-metadata-sample-3Dmodel-v2.2.xml]" time="0.014"/>
  <testcase classname="org.datacite.schema.test.ValidationTest" name="testExampleNamespace[build/meta/kernel-2.2/example/datacite-metadata-sample-3Dmodel-v2.2.xml]" time="0.001"/>
  <testcase classname="org.datacite.schema.test.ValidationTest" name="testExampleSchemaLocation[build/meta/kernel-2.2/example/datacite-metadata-sample-article-v2.2.xml]" time="0.002"/>
  <testcase classname="org.datacite.schema.test.ValidationTest" name="testExampleValidToMajorSchema[build/meta/kernel-2.2/example/datacite-metadata-sample-article-v2.2.xml]" time="0.013"/>
  <testcase classname="org.datacite.schema.test.ValidationTest" name="testExampleValid[build/meta/kernel-2.2/example/datacite-metadata-sample-article-v2.2.xml]" time="0.012"/>
  <testcase classname="org.datacite.schema.test.ValidationTest" name="testExampleNamespace[build/meta/kernel-2.2/example/datacite-metadata-sample-article-v2.2.xml]" time="0.001"/>
  <testcase classname="org.datacite.schema.test.ValidationTest" name="testExampleSchemaLocation[build/meta/kernel-2.2/example/datacite-metadata-sample-complicated-v2.2.xml]" time="0.001"/>
  <testcase classname="org.datacite.schema.test.ValidationTest" name="testExampleValidToMajorSchema[build/meta/kernel-2.2/example/datacite-metadata-sample-complicated-v2.2.xml]" time="0.011"/>
  <testcase classname="org.datacite.schema.test.ValidationTest" name="testExampleValid[build/meta/kernel-2.2/example/datacite-metadata-sample-complicated-v2.2.xml]" time="0.02"/>
  <testcase classname="org.datacite.schema.test.ValidationTest" name="testExampleNamespace[build/meta/kernel-2.2/example/datacite-metadata-sample-complicated-v2.2.xml]" time="0.001"/>
  <testcase classname="org.datacite.schema.test.ValidationTest" name="testExampleSchemaLocation[build/meta/kernel-2.2/example/datacite-metadata-sample-conference-related1-v2.2.xml]" time="0.003"/>
  <testcase classname="org.datacite.schema.test.ValidationTest" name="testExampleValidToMajorSchema[build/meta/kernel-2.2/example/datacite-metadata-sample-conference-related1-v2.2.xml]" time="0.018"/>
  <testcase classname="org.datacite.schema.test.ValidationTest" name="testExampleValid[build/meta/kernel-2.2/example/datacite-metadata-sample-conference-related1-v2.2.xml]" time="0.013"/>
  <testcase classname="org.datacite.schema.test.ValidationTest" name="testExampleNamespace[build/meta/kernel-2.2/example/datacite-metadata-sample-conference-related1-v2.2.xml]" time="0.002"/>
  <testcase classname="org.datacite.schema.test.ValidationTest" name="testExampleSchemaLocation[build/meta/kernel-2.2/example/datacite-metadata-sample-conference-related2-v2.2.xml]" time="0.001"/>
  <testcase classname="org.datacite.schema.test.ValidationTest" name="testExampleValidToMajorSchema[build/meta/kernel-2.2/example/datacite-metadata-sample-conference-related2-v2.2.xml]" time="0.009"/>
  <testcase classname="org.datacite.schema.test.ValidationTest" name="testExampleValid[build/meta/kernel-2.2/example/datacite-metadata-sample-conference-related2-v2.2.xml]" time="0.01"/>
  <testcase classname="org.datacite.schema.test.ValidationTest" name="testExampleNamespace[build/meta/kernel-2.2/example/datacite-metadata-sample-conference-related2-v2.2.xml]" time="0.001"/>
  <testcase classname="org.datacite.schema.test.ValidationTest" name="testExampleSchemaLocation[build/meta/kernel-2.2/example/datacite-metadata-sample-minimal-v2.2.xml]" time="0.001"/>
  <testcase classname="org.datacite.schema.test.ValidationTest" name="testExampleValidToMajorSchema[build/meta/kernel-2.2/example/datacite-metadata-sample-minimal-v2.2.xml]" time="0.018"/>
  <testcase classname="org.datacite.schema.test.ValidationTest" name="testExampleValid[build/meta/kernel-2.2/example/datacite-metadata-sample-minimal-v2.2.xml]" time="0.01"/>
  <testcase classname="org.datacite.schema.test.ValidationTest" name="testExampleNamespace[build/meta/kernel-2.2/example/datacite-metadata-sample-minimal-v2.2.xml]" time="0.002"/>
  <testcase classname="org.datacite.schema.test.ValidationTest" name="testExampleSchemaLocation[build/meta/kernel-2.2/example/datacite-metadata-sample-set1-dataset-v2.2.xml]" time="0.003"/>
  <testcase classname="org.datacite.schema.test.ValidationTest" name="testExampleValidToMajorSchema[build/meta/kernel-2.2/example/datacite-metadata-sample-set1-dataset-v2.2.xml]" time="0.009"/>
  <testcase classname="org.datacite.schema.test.ValidationTest" name="testExampleValid[build/meta/kernel-2.2/example/datacite-metadata-sample-set1-dataset-v2.2.xml]" time="0.011"/>
  <testcase classname="org.datacite.schema.test.ValidationTest" name="testExampleNamespace[build/meta/kernel-2.2/example/datacite-metadata-sample-set1-dataset-v2.2.xml]" time="0.001"/>
  <testcase classname="org.datacite.schema.test.ValidationTest" name="testExampleSchemaLocation[build/meta/kernel-2.2/example/datacite-metadata-sample-set2-article-v2.2.xml]" time="0.001"/>
  <testcase classname="org.datacite.schema.test.ValidationTest" name="testExampleValidToMajorSchema[build/meta/kernel-2.2/example/datacite-metadata-sample-set2-article-v2.2.xml]" time="0.009"/>
  <testcase classname="org.datacite.schema.test.ValidationTest" name="testExampleValid[build/meta/kernel-2.2/example/datacite-metadata-sample-set2-article-v2.2.xml]" time="0.011"/>
  <testcase classname="org.datacite.schema.test.ValidationTest" name="testExampleNamespace[build/meta/kernel-2.2/example/datacite-metadata-sample-set2-article-v2.2.xml]" time="0.002"/>
  <testcase classname="org.datacite.schema.test.ValidationTest" name="testExampleSchemaLocation[build/meta/kernel-2.2/example/datacite-metadata-sample-set3-book-v2.2.xml]" time="0.001"/>
  <testcase classname="org.datacite.schema.test.ValidationTest" name="testExampleValidToMajorSchema[build/meta/kernel-2.2/example/datacite-metadata-sample-set3-book-v2.2.xml]" time="0.01"/>
  <testcase classname="org.datacite.schema.test.ValidationTest" name="testExampleValid[build/meta/kernel-2.2/example/datacite-metadata-sample-set3-book-v2.2.xml]" time="0.009"/>
  <testcase classname="org.datacite.schema.test.ValidationTest" name="testExampleNamespace[build/meta/kernel-2.2/example/datacite-metadata-sample-set3-book-v2.2.xml]" time="0.003"/>
  <testcase classname="org.datacite.schema.test.ValidationTest" name="testExampleSchemaLocation[build/meta/kernel-2.2/example/datacite-metadata-sample-set4-dataset-v2.2.xml]" time="0.002"/>
  <testcase classname="org.datacite.schema.test.ValidationTest" name="testExampleValidToMajorSchema[build/meta/kernel-2.2/example/datacite-metadata-sample-set4-dataset-v2.2.xml]" time="0.012"/>
  <testcase classname="org.datacite.schema.test.ValidationTest" name="testExampleValid[build/meta/kernel-2.2/example/datacite-metadata-sample-set4-dataset-v2.2.xml]" time="0.01"/>
  <testcase classname="org.datacite.schema.test.ValidationTest" name="testExampleNamespace[build/meta/kernel-2.2/example/datacite-metadata-sample-set4-dataset-v2.2.xml]" time="0.001"/>
  <testcase classname="org.datacite.schema.test.ValidationTest" name="testExampleSchemaLocation[build/meta/kernel-2.2/example/datacite-metadata-sample-set5-dataset-v2.2.xml]" time="0.002"/>
  <testcase classname="org.datacite.schema.test.ValidationTest" name="testExampleValidToMajorSchema[build/meta/kernel-2.2/example/datacite-metadata-sample-set5-dataset-v2.2.xml]" time="0.008"/>
  <testcase classname="org.datacite.schema.test.ValidationTest" name="testExampleValid[build/meta/kernel-2.2/example/datacite-metadata-sample-set5-dataset-v2.2.xml]" time="0.011"/>
  <testcase classname="org.datacite.schema.test.ValidationTest" name="testExampleNamespace[build/meta/kernel-2.2/example/datacite-metadata-sample-set5-dataset-v2.2.xml]" time="0.001"/>
  <testcase classname="org.datacite.schema.test.ValidationTest" name="testExampleSchemaLocation[build/meta/kernel-2.2/example/datacite-metadata-sample-v2.2.xml]" time="0.001"/>
  <testcase classname="org.datacite.schema.test.ValidationTest" name="testExampleValidToMajorSchema[build/meta/kernel-2.2/example/datacite-metadata-sample-v2.2.xml]" time="0.008"/>
  <testcase classname="org.datacite.schema.test.ValidationTest" name="testExampleValid[build/meta/kernel-2.2/example/datacite-metadata-sample-v2.2.xml]" time="0.008"/>
  <testcase classname="org.datacite.schema.test.ValidationTest" name="testExampleNamespace[build/meta/kernel-2.2/example/datacite-metadata-sample-v2.2.xml]" time="0.003"/>
  <testcase classname="org.datacite.schema.test.ValidationTest" name="testExampleSchemaLocation[build/meta/kernel-2.2/example/datacite-metadata-sample-video-v2.2.xml]" time="0.002"/>
  <testcase classname="org.datacite.schema.test.ValidationTest" name="testExampleValidToMajorSchema[build/meta/kernel-2.2/example/datacite-metadata-sample-video-v2.2.xml]" time="0.006"/>
  <testcase classname="org.datacite.schema.test.ValidationTest" name="testExampleValid[build/meta/kernel-2.2/example/datacite-metadata-sample-video-v2.2.xml]" time="0.01"/>
  <testcase classname="org.datacite.schema.test.ValidationTest" name="testExampleNamespace[build/meta/kernel-2.2/example/datacite-metadata-sample-video-v2.2.xml]" time="0.001"/>
  <testcase classname="org.datacite.schema.test.ValidationTest" name="testExampleSchemaLocation[build/meta/kernel-3/example/datacite-example-Box_dateCollected_DataCollector-v3.0.xml]" time="0.002"/>
  <testcase classname="org.datacite.schema.test.ValidationTest" name="testExampleValidToMajorSchema[build/meta/kernel-3/example/datacite-example-Box_dateCollected_DataCollector-v3.0.xml]" time="0.206"/>
  <testcase classname="org.datacite.schema.test.ValidationTest" name="testExampleValid[build/meta/kernel-3/example/datacite-example-Box_dateCollected_DataCollector-v3.0.xml]" time="0.175"/>
  <testcase classname="org.datacite.schema.test.ValidationTest" name="testExampleNamespace[build/meta/kernel-3/example/datacite-example-Box_dateCollected_DataCollector-v3.0.xml]" time="0.002"/>
  <testcase classname="org.datacite.schema.test.ValidationTest" name="testExampleSchemaLocation[build/meta/kernel-3/example/datacite-example-complicated-v3.0.xml]" time="0.002"/>
  <testcase classname="org.datacite.schema.test.ValidationTest" name="testExampleValidToMajorSchema[build/meta/kernel-3/example/datacite-example-complicated-v3.0.xml]" time="0.174"/>
  <testcase classname="org.datacite.schema.test.ValidationTest" name="testExampleValid[build/meta/kernel-3/example/datacite-example-complicated-v3.0.xml]" time="0.174"/>
  <testcase classname="org.datacite.schema.test.ValidationTest" name="testExampleNamespace[build/meta/kernel-3/example/datacite-example-complicated-v3.0.xml]" time="0.002"/>
  <testcase classname="org.datacite.schema.test.ValidationTest" name="testExampleSchemaLocation[build/meta/kernel-3/example/datacite-example-dataset-v3.0.xml]" time="0.002"/>
  <testcase classname="org.datacite.schema.test.ValidationTest" name="testExampleValidToMajorSchema[build/meta/kernel-3/example/datacite-example-dataset-v3.0.xml]" time="0.187"/>
  <testcase classname="org.datacite.schema.test.ValidationTest" name="testExampleValid[build/meta/kernel-3/example/datacite-example-dataset-v3.0.xml]" time="0.172"/>
  <testcase classname="org.datacite.schema.test.ValidationTest" name="testExampleNamespace[build/meta/kernel-3/example/datacite-example-dataset-v3.0.xml]" time="0.002"/>
  <testcase classname="org.datacite.schema.test.ValidationTest" name="testExampleSchemaLocation[build/meta/kernel-3/example/datacite-example-full-v3.1.xml]" time="0.001"/>
  <testcase classname="org.datacite.schema.test.ValidationTest" name="testExampleValidToMajorSchema[build/meta/kernel-3/example/datacite-example-full-v3.1.xml]" time="0.174"/>
  <testcase classname="org.datacite.schema.test.ValidationTest" name="testExampleValid[build/meta/kernel-3/example/datacite-example-full-v3.1.xml]" time="0.169"/>
  <testcase classname="org.datacite.schema.test.ValidationTest" name="testExampleNamespace[build/meta/kernel-3/example/datacite-example-full-v3.1.xml]" time="0.001"/>
  <testcase classname="org.datacite.schema.test.ValidationTest" name="testExampleSchemaLocation[build/meta/kernel-3/example/datacite-example-GeoLocation-v3.0.xml]" time="0.003"/>
  <testcase classname="org.datacite.schema.test.ValidationTest" name="testExampleValidToMajorSchema[build/meta/kernel-3/example/datacite-example-GeoLocation-v3.0.xml]" time="0.168"/>
  <testcase classname="org.datacite.schema.test.ValidationTest" name="testExampleValid[build/meta/kernel-3/example/datacite-example-GeoLocation-v3.0.xml]" time="0.168"/>
  <testcase classname="org.datacite.schema.test.ValidationTest" name="testExampleNamespace[build/meta/kernel-3/example/datacite-example-GeoLocation-v3.0.xml]" time="0.008"/>
  <testcase classname="org.datacite.schema.test.ValidationTest" name="testExampleSchemaLocation[build/meta/kernel-3/example/datacite-example-HasMetadata-v3.0.xml]" time="0"/>
  <testcase classname="org.datacite.schema.test.ValidationTest" name="testExampleValidToMajorSchema[build/meta/kernel-3/example/datacite-example-HasMetadata-v3.0.xml]" time="0.18"/>
  <testcase classname="org.datacite.schema.test.ValidationTest" name="testExampleValid[build/meta/kernel-3/example/datacite-example-HasMetadata-v3.0.xml]" time="0.172"/>
  <testcase classname="org.datacite.schema.test.ValidationTest" name="testExampleNamespace[build/meta/kernel-3/example/datacite-example-HasMetadata-v3.0.xml]" time="0.001"/>
  <testcase classname="org.datacite.schema.test.ValidationTest" name="testExampleSchemaLocation[build/meta/kernel-3/example/datacite-example-relationTypeIsIdenticalTo-v3.0.xml]" time="0.001"/>
  <testcase classname="org.datacite.schema.test.ValidationTest" name="testExampleValidToMajorSchema[build/meta/kernel-3/example/datacite-example-relationTypeIsIdenticalTo-v3.0.xml]" time="0.169"/>
  <testcase classname="org.datacite.schema.test.ValidationTest" name="testExampleValid[build/meta/kernel-3/example/datacite-example-relationTypeIsIdenticalTo-v3.0.xml]" time="0.174"/>
  <testcase classname="org.datacite.schema.test.ValidationTest" name="testExampleNamespace[build/meta/kernel-3/example/datacite-example-relationTypeIsIdenticalTo-v3.0.xml]" time="0.001"/>
  <testcase classname="org.datacite.schema.test.ValidationTest" name="testExampleSchemaLocation[build/meta/kernel-3/example/datacite-example-ResearchGroup_Methods-v3.0.xml]" time="0.004"/>
  <testcase classname="org.datacite.schema.test.ValidationTest" name="testExampleValidToMajorSchema[build/meta/kernel-3/example/datacite-example-ResearchGroup_Methods-v3.0.xml]" time="0.167"/>
  <testcase classname="org.datacite.schema.test.ValidationTest" name="testExampleValid[build/meta/kernel-3/example/datacite-example-ResearchGroup_Methods-v3.0.xml]" time="0.188"/>
  <testcase classname="org.datacite.schema.test.ValidationTest" name="testExampleNamespace[build/meta/kernel-3/example/datacite-example-ResearchGroup_Methods-v3.0.xml]" time="0.001"/>
  <testcase classname="org.datacite.schema.test.ValidationTest" name="testExampleSchemaLocation[build/meta/kernel-3/example/datacite-example-ResourceTypeGeneral_Collection-v3.0.xml]" time="0"/>
  <testcase classname="org.datacite.schema.test.ValidationTest" name="testExampleValidToMajorSchema[build/meta/kernel-3/example/datacite-example-ResourceTypeGeneral_Collection-v3.0.xml]" time="0.165"/>
  <testcase classname="org.datacite.schema.test.ValidationTest" name="testExampleValid[build/meta/kernel-3/example/datacite-example-ResourceTypeGeneral_Collection-v3.0.xml]" time="0.177"/>
  <testcase classname="org.datacite.schema.test.ValidationTest" name="testExampleNamespace[build/meta/kernel-3/example/datacite-example-ResourceTypeGeneral_Collection-v3.0.xml]" time="0.001"/>
  <testcase classname="org.datacite.schema.test.ValidationTest" name="testExampleSchemaLocation[build/meta/kernel-3/example/datacite-example-video-v3.0.xml]" time="0.001"/>
  <testcase classname="org.datacite.schema.test.ValidationTest" name="testExampleValidToMajorSchema[build/meta/kernel-3/example/datacite-example-video-v3.0.xml]" time="0.169"/>
  <testcase classname="org.datacite.schema.test.ValidationTest" name="testExampleValid[build/meta/kernel-3/example/datacite-example-video-v3.0.xml]" time="0.169"/>
  <testcase classname="org.datacite.schema.test.ValidationTest" name="testExampleNamespace[build/meta/kernel-3/example/datacite-example-video-v3.0.xml]" time="0.001"/>
  <testcase classname="org.datacite.schema.test.ValidationTest" name="testExampleSchemaLocation[build/meta/kernel-3/example/datacite-example-workflow-v3.0.xml]" time="0.001"/>
  <testcase classname="org.datacite.schema.test.ValidationTest" name="testExampleValidToMajorSchema[build/meta/kernel-3/example/datacite-example-workflow-v3.0.xml]" time="0.196"/>
  <testcase classname="org.datacite.schema.test.ValidationTest" name="testExampleValid[build/meta/kernel-3/example/datacite-example-workflow-v3.0.xml]" time="0.169"/>
  <testcase classname="org.datacite.schema.test.ValidationTest" name="testExampleNamespace[build/meta/kernel-3/example/datacite-example-workflow-v3.0.xml]" time="0.002"/>
  <testcase classname="org.datacite.schema.test.ValidationTest" name="testExampleSchemaLocation[build/meta/kernel-3.0/example/datacite-example-Box_dateCollected_DataCollector-v3.0.xml]" time="0.001"/>
  <testcase classname="org.datacite.schema.test.ValidationTest" name="testExampleValidToMajorSchema[build/meta/kernel-3.0/example/datacite-example-Box_dateCollected_DataCollector-v3.0.xml]" time="0.193"/>
  <testcase classname="org.datacite.schema.test.ValidationTest" name="testExampleValid[build/meta/kernel-3.0/example/datacite-example-Box_dateCollected_DataCollector-v3.0.xml]" time="0.169"/>
  <testcase classname="org.datacite.schema.test.ValidationTest" name="testExampleNamespace[build/meta/kernel-3.0/example/datacite-example-Box_dateCollected_DataCollector-v3.0.xml]" time="0.001"/>
  <testcase classname="org.datacite.schema.test.ValidationTest" name="testExampleSchemaLocation[build/meta/kernel-3.0/example/datacite-example-complicated-v3.0.xml]" time="0"/>
  <testcase classname="org.datacite.schema.test.ValidationTest" name="testExampleValidToMajorSchema[build/meta/kernel-3.0/example/datacite-example-complicated-v3.0.xml]" time="0.259"/>
  <testcase classname="org.datacite.schema.test.ValidationTest" name="testExampleValid[build/meta/kernel-3.0/example/datacite-example-complicated-v3.0.xml]" time="0.2"/>
  <testcase classname="org.datacite.schema.test.ValidationTest" name="testExampleNamespace[build/meta/kernel-3.0/example/datacite-example-complicated-v3.0.xml]" time="0.001"/>
  <testcase classname="org.datacite.schema.test.ValidationTest" name="testExampleSchemaLocation[build/meta/kernel-3.0/example/datacite-example-dataset-v3.0.xml]" time="0.008"/>
  <testcase classname="org.datacite.schema.test.ValidationTest" name="testExampleValidToMajorSchema[build/meta/kernel-3.0/example/datacite-example-dataset-v3.0.xml]" time="0.171"/>
  <testcase classname="org.datacite.schema.test.ValidationTest" name="testExampleValid[build/meta/kernel-3.0/example/datacite-example-dataset-v3.0.xml]" time="0.185"/>
  <testcase classname="org.datacite.schema.test.ValidationTest" name="testExampleNamespace[build/meta/kernel-3.0/example/datacite-example-dataset-v3.0.xml]" time="0"/>
  <testcase classname="org.datacite.schema.test.ValidationTest" name="testExampleSchemaLocation[build/meta/kernel-3.0/example/datacite-example-GeoLocation-v3.0.xml]" time="0.004"/>
  <testcase classname="org.datacite.schema.test.ValidationTest" name="testExampleValidToMajorSchema[build/meta/kernel-3.0/example/datacite-example-GeoLocation-v3.0.xml]" time="0.271"/>
  <testcase classname="org.datacite.schema.test.ValidationTest" name="testExampleValid[build/meta/kernel-3.0/example/datacite-example-GeoLocation-v3.0.xml]" time="0.172"/>
  <testcase classname="org.datacite.schema.test.ValidationTest" name="testExampleNamespace[build/meta/kernel-3.0/example/datacite-example-GeoLocation-v3.0.xml]" time="0"/>
  <testcase classname="org.datacite.schema.test.ValidationTest" name="testExampleSchemaLocation[build/meta/kernel-3.0/example/datacite-example-HasMetadata-v3.0.xml]" time="0"/>
  <testcase classname="org.datacite.schema.test.ValidationTest" name="testExampleValidToMajorSchema[build/meta/kernel-3.0/example/datacite-example-HasMetadata-v3.0.xml]" time="0.175"/>
  <testcase classname="org.datacite.schema.test.ValidationTest" name="testExampleValid[build/meta/kernel-3.0/example/datacite-example-HasMetadata-v3.0.xml]" time="0.17"/>
  <testcase classname="org.datacite.schema.test.ValidationTest" name="testExampleNamespace[build/meta/kernel-3.0/example/datacite-example-HasMetadata-v3.0.xml]" time="0"/>
  <testcase classname="org.datacite.schema.test.ValidationTest" name="testExampleSchemaLocation[build/meta/kernel-3.0/example/datacite-example-ResearchGroup_Methods-v3.0.xml]" time="0.002"/>
  <testcase classname="org.datacite.schema.test.ValidationTest" name="testExampleValidToMajorSchema[build/meta/kernel-3.0/example/datacite-example-ResearchGroup_Methods-v3.0.xml]" time="0.226"/>
  <testcase classname="org.datacite.schema.test.ValidationTest" name="testExampleValid[build/meta/kernel-3.0/example/datacite-example-ResearchGroup_Methods-v3.0.xml]" time="0.172"/>
  <testcase classname="org.datacite.schema.test.ValidationTest" name="testExampleNamespace[build/meta/kernel-3.0/example/datacite-example-ResearchGroup_Methods-v3.0.xml]" time="0.001"/>
  <testcase classname="org.datacite.schema.test.ValidationTest" name="testExampleSchemaLocation[build/meta/kernel-3.0/example/datacite-example-ResourceTypeGeneral_Collection-v3.0.xml]" time="0.001"/>
  <testcase classname="org.datacite.schema.test.ValidationTest" name="testExampleValidToMajorSchema[build/meta/kernel-3.0/example/datacite-example-ResourceTypeGeneral_Collection-v3.0.xml]" time="0.167"/>
  <testcase classname="org.datacite.schema.test.ValidationTest" name="testExampleValid[build/meta/kernel-3.0/example/datacite-example-ResourceTypeGeneral_Collection-v3.0.xml]" time="0.167"/>
  <testcase classname="org.datacite.schema.test.ValidationTest" name="testExampleNamespace[build/meta/kernel-3.0/example/datacite-example-ResourceTypeGeneral_Collection-v3.0.xml]" time="0.001"/>
  <testcase classname="org.datacite.schema.test.ValidationTest" name="testExampleSchemaLocation[build/meta/kernel-3.0/example/datacite-example-video-v3.0.xml]" time="0.001"/>
  <testcase classname="org.datacite.schema.test.ValidationTest" name="testExampleValidToMajorSchema[build/meta/kernel-3.0/example/datacite-example-video-v3.0.xml]" time="0.17"/>
  <testcase classname="org.datacite.schema.test.ValidationTest" name="testExampleValid[build/meta/kernel-3.0/example/datacite-example-video-v3.0.xml]" time="0.17"/>
  <testcase classname="org.datacite.schema.test.ValidationTest" name="testExampleNamespace[build/meta/kernel-3.0/example/datacite-example-video-v3.0.xml]" time="0"/>
  <testcase classname="org.datacite.schema.test.ValidationTest" name="testExampleSchemaLocation[build/meta/kernel-3.0/example/datacite-example-workflow-v3.0.xml]" time="0.001"/>
  <testcase classname="org.datacite.schema.test.ValidationTest" name="testExampleValidToMajorSchema[build/meta/kernel-3.0/example/datacite-example-workflow-v3.0.xml]" time="0.169"/>
  <testcase classname="org.datacite.schema.test.ValidationTest" name="testExampleValid[build/meta/kernel-3.0/example/datacite-example-workflow-v3.0.xml]" time="0.172"/>
  <testcase classname="org.datacite.schema.test.ValidationTest" name="testExampleNamespace[build/meta/kernel-3.0/example/datacite-example-workflow-v3.0.xml]" time="0"/>
  <testcase classname="org.datacite.schema.test.ValidationTest" name="testExampleSchemaLocation[build/meta/kernel-3.1/example/datacite-example-Box_dateCollected_DataCollector-v3.0.xml]" time="0"/>
  <testcase classname="org.datacite.schema.test.ValidationTest" name="testExampleValidToMajorSchema[build/meta/kernel-3.1/example/datacite-example-Box_dateCollected_DataCollector-v3.0.xml]" time="0.188"/>
  <testcase classname="org.datacite.schema.test.ValidationTest" name="testExampleValid[build/meta/kernel-3.1/example/datacite-example-Box_dateCollected_DataCollector-v3.0.xml]" time="0.174"/>
  <testcase classname="org.datacite.schema.test.ValidationTest" name="testExampleNamespace[build/meta/kernel-3.1/example/datacite-example-Box_dateCollected_DataCollector-v3.0.xml]" time="0.002"/>
  <testcase classname="org.datacite.schema.test.ValidationTest" name="testExampleSchemaLocation[build/meta/kernel-3.1/example/datacite-example-complicated-v3.0.xml]" time="0"/>
  <testcase classname="org.datacite.schema.test.ValidationTest" name="testExampleValidToMajorSchema[build/meta/kernel-3.1/example/datacite-example-complicated-v3.0.xml]" time="0.167"/>
  <testcase classname="org.datacite.schema.test.ValidationTest" name="testExampleValid[build/meta/kernel-3.1/example/datacite-example-complicated-v3.0.xml]" time="0.168"/>
  <testcase classname="org.datacite.schema.test.ValidationTest" name="testExampleNamespace[build/meta/kernel-3.1/example/datacite-example-complicated-v3.0.xml]" time="0.001"/>
  <testcase classname="org.datacite.schema.test.ValidationTest" name="testExampleSchemaLocation[build/meta/kernel-3.1/example/datacite-example-dataset-v3.0.xml]" time="0.001"/>
  <testcase classname="org.datacite.schema.test.ValidationTest" name="testExampleValidToMajorSchema[build/meta/kernel-3.1/example/datacite-example-dataset-v3.0.xml]" time="0.169"/>
  <testcase classname="org.datacite.schema.test.ValidationTest" name="testExampleValid[build/meta/kernel-3.1/example/datacite-example-dataset-v3.0.xml]" time="0.167"/>
  <testcase classname="org.datacite.schema.test.ValidationTest" name="testExampleNamespace[build/meta/kernel-3.1/example/datacite-example-dataset-v3.0.xml]" time="0.001"/>
  <testcase classname="org.datacite.schema.test.ValidationTest" name="testExampleSchemaLocation[build/meta/kernel-3.1/example/datacite-example-full-v3.1.xml]" time="0.001"/>
  <testcase classname="org.datacite.schema.test.ValidationTest" name="testExampleValidToMajorSchema[build/meta/kernel-3.1/example/datacite-example-full-v3.1.xml]" time="0.198"/>
  <testcase classname="org.datacite.schema.test.ValidationTest" name="testExampleValid[build/meta/kernel-3.1/example/datacite-example-full-v3.1.xml]" time="0.166"/>
  <testcase classname="org.datacite.schema.test.ValidationTest" name="testExampleNamespace[build/meta/kernel-3.1/example/datacite-example-full-v3.1.xml]" time="0.004"/>
  <testcase classname="org.datacite.schema.test.ValidationTest" name="testExampleSchemaLocation[build/meta/kernel-3.1/example/datacite-example-GeoLocation-v3.0.xml]" time="0"/>
  <testcase classname="org.datacite.schema.test.ValidationTest" name="testExampleValidToMajorSchema[build/meta/kernel-3.1/example/datacite-example-GeoLocation-v3.0.xml]" time="0.17"/>
  <testcase classname="org.datacite.schema.test.ValidationTest" name="testExampleValid[build/meta/kernel-3.1/example/datacite-example-GeoLocation-v3.0.xml]" time="0.188"/>
  <testcase classname="org.datacite.schema.test.ValidationTest" name="testExampleNamespace[build/meta/kernel-3.1/example/datacite-example-GeoLocation-v3.0.xml]" time="0.001"/>
  <testcase classname="org.datacite.schema.test.ValidationTest" name="testExampleSchemaLocation[build/meta/kernel-3.1/example/datacite-example-HasMetadata-v3.0.xml]" time="0.001"/>
  <testcase classname="org.datacite.schema.test.ValidationTest" name="testExampleValidToMajorSchema[build/meta/kernel-3.1/example/datacite-example-HasMetadata-v3.0.xml]" time="0.167"/>
  <testcase classname="org.datacite.schema.test.ValidationTest" name="testExampleValid[build/meta/kernel-3.1/example/datacite-example-HasMetadata-v3.0.xml]" time="0.169"/>
  <testcase classname="org.datacite.schema.test.ValidationTest" name="testExampleNamespace[build/meta/kernel-3.1/example/datacite-example-HasMetadata-v3.0.xml]" time="0.001"/>
  <testcase classname="org.datacite.schema.test.ValidationTest" name="testExampleSchemaLocation[build/meta/kernel-3.1/example/datacite-example-relationTypeIsIdenticalTo-v3.0.xml]" time="0.001"/>
  <testcase classname="org.datacite.schema.test.ValidationTest" name="testExampleValidToMajorSchema[build/meta/kernel-3.1/example/datacite-example-relationTypeIsIdenticalTo-v3.0.xml]" time="0.195"/>
  <testcase classname="org.datacite.schema.test.ValidationTest" name="testExampleValid[build/meta/kernel-3.1/example/datacite-example-relationTypeIsIdenticalTo-v3.0.xml]" time="0.168"/>
  <testcase classname="org.datacite.schema.test.ValidationTest" name="testExampleNamespace[build/meta/kernel-3.1/example/datacite-example-relationTypeIsIdenticalTo-v3.0.xml]" time="0.001"/>
  <testcase classname="org.datacite.schema.test.ValidationTest" name="testExampleSchemaLocation[build/meta/kernel-3.1/example/datacite-example-ResearchGroup_Methods-v3.0.xml]" time="0"/>
  <testcase classname="org.datacite.schema.test.ValidationTest" name="testExampleValidToMajorSchema[build/meta/kernel-3.1/example/datacite-example-ResearchGroup_Methods-v3.0.xml]" time="0.168"/>
  <testcase classname="org.datacite.schema.test.ValidationTest" name="testExampleValid[build/meta/kernel-3.1/example/datacite-example-ResearchGroup_Methods-v3.0.xml]" time="0.195"/>
  <testcase classname="org.datacite.schema.test.ValidationTest" name="testExampleNamespace[build/meta/kernel-3.1/example/datacite-example-ResearchGroup_Methods-v3.0.xml]" time="0"/>
  <testcase classname="org.datacite.schema.test.ValidationTest" name="testExampleSchemaLocation[build/meta/kernel-3.1/example/datacite-example-ResourceTypeGeneral_Collection-v3.0.xml]" time="0.001"/>
  <testcase classname="org.datacite.schema.test.ValidationTest" name="testExampleValidToMajorSchema[build/meta/kernel-3.1/example/datacite-example-ResourceTypeGeneral_Collection-v3.0.xml]" time="0.171"/>
  <testcase classname="org.datacite.schema.test.ValidationTest" name="testExampleValid[build/meta/kernel-3.1/example/datacite-example-ResourceTypeGeneral_Collection-v3.0.xml]" time="0.168"/>
  <testcase classname="org.datacite.schema.test.ValidationTest" name="testExampleNamespace[build/meta/kernel-3.1/example/datacite-example-ResourceTypeGeneral_Collection-v3.0.xml]" time="0.001"/>
  <testcase classname="org.datacite.schema.test.ValidationTest" name="testExampleSchemaLocation[build/meta/kernel-3.1/example/datacite-example-video-v3.0.xml]" time="0.001"/>
  <testcase classname="org.datacite.schema.test.ValidationTest" name="testExampleValidToMajorSchema[build/meta/kernel-3.1/example/datacite-example-video-v3.0.xml]" time="0.168"/>
  <testcase classname="org.datacite.schema.test.ValidationTest" name="testExampleValid[build/meta/kernel-3.1/example/datacite-example-video-v3.0.xml]" time="0.166"/>
  <testcase classname="org.datacite.schema.test.ValidationTest" name="testExampleNamespace[build/meta/kernel-3.1/example/datacite-example-video-v3.0.xml]" time="0.001"/>
  <testcase classname="org.datacite.schema.test.ValidationTest" name="testExampleSchemaLocation[build/meta/kernel-3.1/example/datacite-example-workflow-v3.0.xml]" time="0.001"/>
  <testcase classname="org.datacite.schema.test.ValidationTest" name="testExampleValidToMajorSchema[build/meta/kernel-3.1/example/datacite-example-workflow-v3.0.xml]" time="0.187"/>
  <testcase classname="org.datacite.schema.test.ValidationTest" name="testExampleValid[build/meta/kernel-3.1/example/datacite-example-workflow-v3.0.xml]" time="0.166"/>
  <testcase classname="org.datacite.schema.test.ValidationTest" name="testExampleNamespace[build/meta/kernel-3.1/example/datacite-example-workflow-v3.0.xml]" time="0.001"/>
  <testcase classname="org.datacite.schema.test.ValidationTest" name="testExampleSchemaLocation[build/meta/kernel-4/example/datacite-example-Box_dateCollected_DataCollector-v4.0.xml]" time="0.001"/>
  <testcase classname="org.datacite.schema.test.ValidationTest" name="testExampleValidToMajorSchema[build/meta/kernel-4/example/datacite-example-Box_dateCollected_DataCollector-v4.0.xml]" time="0.171"/>
  <testcase classname="org.datacite.schema.test.ValidationTest" name="testExampleValid[build/meta/kernel-4/example/datacite-example-Box_dateCollected_DataCollector-v4.0.xml]" time="0.176"/>
  <testcase classname="org.datacite.schema.test.ValidationTest" name="testExampleNamespace[build/meta/kernel-4/example/datacite-example-Box_dateCollected_DataCollector-v4.0.xml]" time="0.001"/>
  <testcase classname="org.datacite.schema.test.ValidationTest" name="testExampleSchemaLocation[build/meta/kernel-4/example/datacite-example-complicated-v4.0.xml]" time="0.002"/>
  <testcase classname="org.datacite.schema.test.ValidationTest" name="testExampleValidToMajorSchema[build/meta/kernel-4/example/datacite-example-complicated-v4.0.xml]" time="0.184"/>
  <testcase classname="org.datacite.schema.test.ValidationTest" name="testExampleValid[build/meta/kernel-4/example/datacite-example-complicated-v4.0.xml]" time="0.169"/>
  <testcase classname="org.datacite.schema.test.ValidationTest" name="testExampleNamespace[build/meta/kernel-4/example/datacite-example-complicated-v4.0.xml]" time="0.001"/>
  <testcase classname="org.datacite.schema.test.ValidationTest" name="testExampleSchemaLocation[build/meta/kernel-4/example/datacite-example-dataset-v4.0.xml]" time="0.001"/>
  <testcase classname="org.datacite.schema.test.ValidationTest" name="testExampleValidToMajorSchema[build/meta/kernel-4/example/datacite-example-dataset-v4.0.xml]" time="0.183"/>
  <testcase classname="org.datacite.schema.test.ValidationTest" name="testExampleValid[build/meta/kernel-4/example/datacite-example-dataset-v4.0.xml]" time="0.167"/>
  <testcase classname="org.datacite.schema.test.ValidationTest" name="testExampleNamespace[build/meta/kernel-4/example/datacite-example-dataset-v4.0.xml]" time="0.001"/>
  <testcase classname="org.datacite.schema.test.ValidationTest" name="testExampleSchemaLocation[build/meta/kernel-4/example/datacite-example-full-v4.0.xml]" time="0.001"/>
  <testcase classname="org.datacite.schema.test.ValidationTest" name="testExampleValidToMajorSchema[build/meta/kernel-4/example/datacite-example-full-v4.0.xml]" time="0.173"/>
  <testcase classname="org.datacite.schema.test.ValidationTest" name="testExampleValid[build/meta/kernel-4/example/datacite-example-full-v4.0.xml]" time="0.171"/>
  <testcase classname="org.datacite.schema.test.ValidationTest" name="testExampleNamespace[build/meta/kernel-4/example/datacite-example-full-v4.0.xml]" time="0.001"/>
  <testcase classname="org.datacite.schema.test.ValidationTest" name="testExampleSchemaLocation[build/meta/kernel-4/example/datacite-example-fundingReference-v.4.0.xml]" time="0.001"/>
  <testcase classname="org.datacite.schema.test.ValidationTest" name="testExampleValidToMajorSchema[build/meta/kernel-4/example/datacite-example-fundingReference-v.4.0.xml]" time="0.171"/>
  <testcase classname="org.datacite.schema.test.ValidationTest" name="testExampleValid[build/meta/kernel-4/example/datacite-example-fundingReference-v.4.0.xml]" time="0.174"/>
  <testcase classname="org.datacite.schema.test.ValidationTest" name="testExampleNamespace[build/meta/kernel-4/example/datacite-example-fundingReference-v.4.0.xml]" time="0"/>
  <testcase classname="org.datacite.schema.test.ValidationTest" name="testExampleSchemaLocation[build/meta/kernel-4/example/datacite-example-GeoLocation-v4.0.xml]" time="0"/>
  <testcase classname="org.datacite.schema.test.ValidationTest" name="testExampleValidToMajorSchema[build/meta/kernel-4/example/datacite-example-GeoLocation-v4.0.xml]" time="0.167"/>
  <testcase classname="org.datacite.schema.test.ValidationTest" name="testExampleValid[build/meta/kernel-4/example/datacite-example-GeoLocation-v4.0.xml]" time="0.17"/>
  <testcase classname="org.datacite.schema.test.ValidationTest" name="testExampleNamespace[build/meta/kernel-4/example/datacite-example-GeoLocation-v4.0.xml]" time="0.001"/>
  <testcase classname="org.datacite.schema.test.ValidationTest" name="testExampleSchemaLocation[build/meta/kernel-4/example/datacite-example-HasMetadata-v4.0.xml]" time="0.001"/>
  <testcase classname="org.datacite.schema.test.ValidationTest" name="testExampleValidToMajorSchema[build/meta/kernel-4/example/datacite-example-HasMetadata-v4.0.xml]" time="0.173"/>
  <testcase classname="org.datacite.schema.test.ValidationTest" name="testExampleValid[build/meta/kernel-4/example/datacite-example-HasMetadata-v4.0.xml]" time="0.169"/>
  <testcase classname="org.datacite.schema.test.ValidationTest" name="testExampleNamespace[build/meta/kernel-4/example/datacite-example-HasMetadata-v4.0.xml]" time="0.001"/>
  <testcase classname="org.datacite.schema.test.ValidationTest" name="testExampleSchemaLocation[build/meta/kernel-4/example/datacite-example-relationTypeIsIdenticalTo-v4.0.xml]" time="0.001"/>
  <testcase classname="org.datacite.schema.test.ValidationTest" name="testExampleValidToMajorSchema[build/meta/kernel-4/example/datacite-example-relationTypeIsIdenticalTo-v4.0.xml]" time="0.166"/>
  <testcase classname="org.datacite.schema.test.ValidationTest" name="testExampleValid[build/meta/kernel-4/example/datacite-example-relationTypeIsIdenticalTo-v4.0.xml]" time="0.189"/>
  <testcase classname="org.datacite.schema.test.ValidationTest" name="testExampleNamespace[build/meta/kernel-4/example/datacite-example-relationTypeIsIdenticalTo-v4.0.xml]" time="0"/>
  <testcase classname="org.datacite.schema.test.ValidationTest" name="testExampleSchemaLocation[build/meta/kernel-4/example/datacite-example-ResearchGroup_Methods-v4.0.xml]" time="0"/>
  <testcase classname="org.datacite.schema.test.ValidationTest" name="testExampleValidToMajorSchema[build/meta/kernel-4/example/datacite-example-ResearchGroup_Methods-v4.0.xml]" time="0.17"/>
  <testcase classname="org.datacite.schema.test.ValidationTest" name="testExampleValid[build/meta/kernel-4/example/datacite-example-ResearchGroup_Methods-v4.0.xml]" time="0.168"/>
  <testcase classname="org.datacite.schema.test.ValidationTest" name="testExampleNamespace[build/meta/kernel-4/example/datacite-example-ResearchGroup_Methods-v4.0.xml]" time="0.001"/>
  <testcase classname="org.datacite.schema.test.ValidationTest" name="testExampleSchemaLocation[build/meta/kernel-4/example/datacite-example-ResourceTypeGeneral_Collection-v4.0.xml]" time="0.001"/>
  <testcase classname="org.datacite.schema.test.ValidationTest" name="testExampleValidToMajorSchema[build/meta/kernel-4/example/datacite-example-ResourceTypeGeneral_Collection-v4.0.xml]" time="0.168"/>
  <testcase classname="org.datacite.schema.test.ValidationTest" name="testExampleValid[build/meta/kernel-4/example/datacite-example-ResourceTypeGeneral_Collection-v4.0.xml]" time="0.169"/>
  <testcase classname="org.datacite.schema.test.ValidationTest" name="testExampleNamespace[build/meta/kernel-4/example/datacite-example-ResourceTypeGeneral_Collection-v4.0.xml]" time="0.001"/>
  <testcase classname="org.datacite.schema.test.ValidationTest" name="testExampleSchemaLocation[build/meta/kernel-4/example/datacite-example-video-v4.0.xml]" time="0"/>
  <testcase classname="org.datacite.schema.test.ValidationTest" name="testExampleValidToMajorSchema[build/meta/kernel-4/example/datacite-example-video-v4.0.xml]" time="0.166"/>
  <testcase classname="org.datacite.schema.test.ValidationTest" name="testExampleValid[build/meta/kernel-4/example/datacite-example-video-v4.0.xml]" time="0.171"/>
  <testcase classname="org.datacite.schema.test.ValidationTest" name="testExampleNamespace[build/meta/kernel-4/example/datacite-example-video-v4.0.xml]" time="0.001"/>
  <testcase classname="org.datacite.schema.test.ValidationTest" name="testExampleSchemaLocation[build/meta/kernel-4/example/datacite-example-workflow-v4.0.xml]" time="0"/>
  <testcase classname="org.datacite.schema.test.ValidationTest" name="testExampleValidToMajorSchema[build/meta/kernel-4/example/datacite-example-workflow-v4.0.xml]" time="0.167"/>
  <testcase classname="org.datacite.schema.test.ValidationTest" name="testExampleValid[build/meta/kernel-4/example/datacite-example-workflow-v4.0.xml]" time="0.168"/>
  <testcase classname="org.datacite.schema.test.ValidationTest" name="testExampleNamespace[build/meta/kernel-4/example/datacite-example-workflow-v4.0.xml]" time="0"/>
</testsuite>