<?xml version="1.0" encoding="UTF-8" ?>
<testsuite tests="10" failures="0" name="org.datacite.schema.test.HtmlTest" time="0.393" errors="9" skipped="0">
  <properties>
[...]
</properties>
  <testcase classname="org.datacite.schema.test.HtmlTest" name="testIndexHtmlIsValid[_site/archive/kernel-2.0/index.html]" time="0.154">
    <error message="Process exited with an error: 1 (Exit value: 1)" type="org.apache.commons.exec.ExecuteException">org.apache.commons.exec.ExecuteException: Process exited with an error: 1 (Exit value: 1)
	at org.apache.commons.exec.DefaultExecutor.executeInternal(DefaultExecutor.java:377)
	at org.apache.commons.exec.DefaultExecutor.execute(DefaultExecutor.java:160)
	at org.apache.commons.exec.DefaultExecutor.execute(DefaultExecutor.java:147)
	at org.datacite.schema.test.HtmlTest.testIndexHtmlIsValid(HtmlTest.java:42)
	at sun.reflect.NativeMethodAccessorImpl.invoke0(Native Method)
	at sun.reflect.NativeMethodAccessorImpl.invoke(NativeMethodAccessorImpl.java:62)
	at sun.reflect.DelegatingMethodAccessorImpl.invoke(DelegatingMethodAccessorImpl.java:43)
	at java.lang.reflect.Method.invoke(Method.java:497)
	at org.junit.runners.model.FrameworkMethod$1.runReflectiveCall(FrameworkMethod.java:47)
	at org.junit.internal.runners.model.ReflectiveCallable.run(ReflectiveCallable.java:12)
	at org.junit.runners.model.FrameworkMethod.invokeExplosively(FrameworkMethod.java:44)
	at org.junit.internal.runners.statements.InvokeMethod.evaluate(InvokeMethod.java:17)
	at org.junit.runners.ParentRunner.runLeaf(ParentRunner.java:271)
	at org.junit.runners.BlockJUnit4ClassRunner.runChild(BlockJUnit4ClassRunner.java:70)
	at org.junit.runners.BlockJUnit4ClassRunner.runChild(BlockJUnit4ClassRunner.java:50)
	at org.junit.runners.ParentRunner$3.run(ParentRunner.java:238)
	at org.junit.runners.ParentRunner$1.schedule(ParentRunner.java:63)
	at org.junit.runners.ParentRunner.runChildren(ParentRunner.java:236)
	at org.junit.runners.ParentRunner.access$000(ParentRunner.java:53)
	at org.junit.runners.ParentRunner$2.evaluate(ParentRunner.java:229)
	at org.junit.runners.ParentRunner.run(ParentRunner.java:309)
	at org.junit.runners.Suite.runChild(Suite.java:127)
	at org.junit.runners.Suite.runChild(Suite.java:26)
	at org.junit.runners.ParentRunner$3.run(ParentRunner.java:238)
	at org.junit.runners.ParentRunner$1.schedule(ParentRunner.java:63)
	at org.junit.runners.ParentRunner.runChildren(ParentRunner.java:236)
	at org.junit.runners.ParentRunner.access$000(ParentRunner.java:53)
	at org.junit.runners.ParentRunner$2.evaluate(ParentRunner.java:229)
	at org.junit.runners.ParentRunner.run(ParentRunner.java:309)
	at org.apache.maven.surefire.junit4.JUnit4Provider.execute(JUnit4Provider.java:252)
	at org.apache.maven.surefire.junit4.JUnit4Provider.executeTestSet(JUnit4Provider.java:141)
	at org.apache.maven.surefire.junit4.JUnit4Provider.invoke(JUnit4Provider.java:112)
	at sun.reflect.NativeMethodAccessorImpl.invoke0(Native Method)
	at sun.reflect.NativeMethodAccessorImpl.invoke(NativeMethodAccessorImpl.java:62)
	at sun.reflect.DelegatingMethodAccessorImpl.invoke(DelegatingMethodAccessorImpl.java:43)
	at java.lang.reflect.Method.invoke(Method.java:497)
	at org.apache.maven.surefire.util.ReflectionUtils.invokeMethodWithArray(ReflectionUtils.java:189)
	at org.apache.maven.surefire.booter.ProviderFactory$ProviderProxy.invoke(ProviderFactory.java:165)
	at org.apache.maven.surefire.booter.ProviderFactory.invokeProvider(ProviderFactory.java:85)
	at org.apache.maven.surefire.booter.ForkedBooter.runSuitesInProcess(ForkedBooter.java:115)
	at org.apache.maven.surefire.booter.ForkedBooter.main(ForkedBooter.java:75)
</error>
    <system-err>line 63 column 7 - Warning: &lt;div&gt; missing &apos;&gt;&apos; for end of tag
line 313 column 1 - Warning: discarding unexpected &lt;/div&gt;
line 227 column 1 - Warning: missing &lt;/footer&gt;
line 72 column 9 - Warning: &lt;img&gt; lacks &quot;alt&quot; attribute
line 66 column 11 - Warning: trimming empty &lt;span&gt;
line 67 column 11 - Warning: trimming empty &lt;span&gt;
line 68 column 11 - Warning: trimming empty &lt;span&gt;
line 78 column 95 - Warning: trimming empty &lt;i&gt;
line 78 column 120 - Warning: trimming empty &lt;span&gt;
line 84 column 21 - Warning: trimming empty &lt;i&gt;
line 91 column 21 - Warning: trimming empty &lt;i&gt;
line 96 column 15 - Warning: trimming empty &lt;li&gt;
line 101 column 21 - Warning: trimming empty &lt;i&gt;
line 108 column 21 - Warning: trimming empty &lt;i&gt;
line 115 column 21 - Warning: trimming empty &lt;i&gt;
line 122 column 21 - Warning: trimming empty &lt;i&gt;
line 129 column 21 - Warning: trimming empty &lt;i&gt;
line 136 column 21 - Warning: trimming empty &lt;i&gt;
line 143 column 21 - Warning: trimming empty &lt;i&gt;
line 150 column 21 - Warning: trimming empty &lt;i&gt;
line 157 column 21 - Warning: trimming empty &lt;i&gt;
line 164 column 21 - Warning: trimming empty &lt;i&gt;
line 171 column 21 - Warning: trimming empty &lt;i&gt;
line 213 column 42 - Warning: trimming empty &lt;i&gt;
line 300 column 9 - Warning: trimming empty &lt;i&gt;
line 303 column 9 - Warning: trimming empty &lt;i&gt;
line 306 column 9 - Warning: trimming empty &lt;i&gt;
line 309 column 9 - Warning: trimming empty &lt;i&gt;
</system-err>
  </testcase>
  <testcase classname="org.datacite.schema.test.HtmlTest" name="testIndexHtmlIsValid[_site/index.html]" time="0.012">
    <error message="Process exited with an error: 1 (Exit value: 1)" type="org.apache.commons.exec.ExecuteException">org.apache.commons.exec.ExecuteException: Process exited with an error: 1 (Exit value: 1)
	at org.apache.commons.exec.DefaultExecutor.executeInternal(DefaultExecutor.java:377)
	at org.apache.commons.exec.DefaultExecutor.execute(DefaultExecutor.java:160)
	at org.apache.commons.exec.DefaultExecutor.execute(DefaultExecutor.java:147)
	at org.datacite.schema.test.HtmlTest.testIndexHtmlIsValid(HtmlTest.java:42)
	at sun.reflect.NativeMethodAccessorImpl.invoke0(Native Method)
	at sun.reflect.NativeMethodAccessorImpl.invoke(NativeMethodAccessorImpl.java:62)
	at sun.reflect.DelegatingMethodAccessorImpl.invoke(DelegatingMethodAccessorImpl.java:43)
	at java.lang.reflect.Method.invoke(Method.java:497)
	at org.junit.runners.model.FrameworkMethod$1.runReflectiveCall(FrameworkMethod.java:47)
	at org.junit.internal.runners.model.ReflectiveCallable.run(ReflectiveCallable.java:12)
	at org.junit.runners.model.FrameworkMethod.invokeExplosively(FrameworkMethod.java:44)
	at org.junit.internal.runners.statements.InvokeMethod.evaluate(InvokeMethod.java:17)
	at org.junit.runners.ParentRunner.runLeaf(ParentRunner.java:271)
	at org.junit.runners.BlockJUnit4ClassRunner.runChild(BlockJUnit4ClassRunner.java:70)
	at org.junit.runners.BlockJUnit4ClassRunner.runChild(BlockJUnit4ClassRunner.java:50)
	at org.junit.runners.ParentRunner$3.run(ParentRunner.java:238)
	at org.junit.runners.ParentRunner$1.schedule(ParentRunner.java:63)
	at org.junit.runners.ParentRunner.runChildren(ParentRunner.java:236)
	at org.junit.runners.ParentRunner.access$000(ParentRunner.java:53)
	at org.junit.runners.ParentRunner$2.evaluate(ParentRunner.java:229)
	at org.junit.runners.ParentRunner.run(ParentRunner.java:309)
	at org.junit.runners.Suite.runChild(Suite.java:127)
	at org.junit.runners.Suite.runChild(Suite.java:26)
	at org.junit.runners.ParentRunner$3.run(ParentRunner.java:238)
	at org.junit.runners.ParentRunner$1.schedule(ParentRunner.java:63)
	at org.junit.runners.ParentRunner.runChildren(ParentRunner.java:236)
	at org.junit.runners.ParentRunner.access$000(ParentRunner.java:53)
	at org.junit.runners.ParentRunner$2.evaluate(ParentRunner.java:229)
	at org.junit.runners.ParentRunner.run(ParentRunner.java:309)
	at org.apache.maven.surefire.junit4.JUnit4Provider.execute(JUnit4Provider.java:252)
	at org.apache.maven.surefire.junit4.JUnit4Provider.executeTestSet(JUnit4Provider.java:141)
	at org.apache.maven.surefire.junit4.JUnit4Provider.invoke(JUnit4Provider.java:112)
	at sun.reflect.NativeMethodAccessorImpl.invoke0(Native Method)
	at sun.reflect.NativeMethodAccessorImpl.invoke(NativeMethodAccessorImpl.java:62)
	at sun.reflect.DelegatingMethodAccessorImpl.invoke(DelegatingMethodAccessorImpl.java:43)
	at java.lang.reflect.Method.invoke(Method.java:497)
	at org.apache.maven.surefire.util.ReflectionUtils.invokeMethodWithArray(ReflectionUtils.java:189)
	at org.apache.maven.surefire.booter.ProviderFactory$ProviderProxy.invoke(ProviderFactory.java:165)
	at org.apache.maven.surefire.booter.ProviderFactory.invokeProvider(ProviderFactory.java:85)
	at org.apache.maven.surefire.booter.ForkedBooter.runSuitesInProcess(ForkedBooter.java:115)
	at org.apache.maven.surefire.booter.ForkedBooter.main(ForkedBooter.java:75)
</error>
    <system-err>line 63 column 7 - Warning: &lt;div&gt; missing &apos;&gt;&apos; for end of tag
line 317 column 1 - Warning: discarding unexpected &lt;/div&gt;
line 231 column 1 - Warning: missing &lt;/footer&gt;
line 72 column 9 - Warning: &lt;img&gt; lacks &quot;alt&quot; attribute
line 66 column 11 - Warning: trimming empty &lt;span&gt;
line 67 column 11 - Warning: trimming empty &lt;span&gt;
line 68 column 11 - Warning: trimming empty &lt;span&gt;
line 78 column 95 - Warning: trimming empty &lt;i&gt;
line 78 column 120 - Warning: trimming empty &lt;span&gt;
line 84 column 21 - Warning: trimming empty &lt;i&gt;
line 91 column 21 - Warning: trimming empty &lt;i&gt;
line 96 column 15 - Warning: trimming empty &lt;li&gt;
line 101 column 21 - Warning: trimming empty &lt;i&gt;
line 108 column 21 - Warning: trimming empty &lt;i&gt;
line 115 column 21 - Warning: trimming empty &lt;i&gt;
line 122 column 21 - Warning: trimming empty &lt;i&gt;
line 129 column 21 - Warning: trimming empty &lt;i&gt;
line 136 column 21 - Warning: trimming empty &lt;i&gt;
line 143 column 21 - Warning: trimming empty &lt;i&gt;
line 150 column 21 - Warning: trimming empty &lt;i&gt;
line 157 column 21 - Warning: trimming empty &lt;i&gt;
line 164 column 21 - Warning: trimming empty &lt;i&gt;
line 171 column 21 - Warning: trimming empty &lt;i&gt;
line 304 column 9 - Warning: trimming empty &lt;i&gt;
line 307 column 9 - Warning: trimming empty &lt;i&gt;
line 310 column 9 - Warning: trimming empty &lt;i&gt;
line 313 column 9 - Warning: trimming empty &lt;i&gt;
</system-err>
  </testcase>
  <testcase classname="org.datacite.schema.test.HtmlTest" name="testIndexHtmlIsValid[_site/meta/kernel-2.1/index.html]" time="0.016">
    <error message="Process exited with an error: 1 (Exit value: 1)" type="org.apache.commons.exec.ExecuteException">org.apache.commons.exec.ExecuteException: Process exited with an error: 1 (Exit value: 1)
	at org.apache.commons.exec.DefaultExecutor.executeInternal(DefaultExecutor.java:377)
	at org.apache.commons.exec.DefaultExecutor.execute(DefaultExecutor.java:160)
	at org.apache.commons.exec.DefaultExecutor.execute(DefaultExecutor.java:147)
	at org.datacite.schema.test.HtmlTest.testIndexHtmlIsValid(HtmlTest.java:42)
	at sun.reflect.NativeMethodAccessorImpl.invoke0(Native Method)
	at sun.reflect.NativeMethodAccessorImpl.invoke(NativeMethodAccessorImpl.java:62)
	at sun.reflect.DelegatingMethodAccessorImpl.invoke(DelegatingMethodAccessorImpl.java:43)
	at java.lang.reflect.Method.invoke(Method.java:497)
	at org.junit.runners.model.FrameworkMethod$1.runReflectiveCall(FrameworkMethod.java:47)
	at org.junit.internal.runners.model.ReflectiveCallable.run(ReflectiveCallable.java:12)
	at org.junit.runners.model.FrameworkMethod.invokeExplosively(FrameworkMethod.java:44)
	at org.junit.internal.runners.statements.InvokeMethod.evaluate(InvokeMethod.java:17)
	at org.junit.runners.ParentRunner.runLeaf(ParentRunner.java:271)
	at org.junit.runners.BlockJUnit4ClassRunner.runChild(BlockJUnit4ClassRunner.java:70)
	at org.junit.runners.BlockJUnit4ClassRunner.runChild(BlockJUnit4ClassRunner.java:50)
	at org.junit.runners.ParentRunner$3.run(ParentRunner.java:238)
	at org.junit.runners.ParentRunner$1.schedule(ParentRunner.java:63)
	at org.junit.runners.ParentRunner.runChildren(ParentRunner.java:236)
	at org.junit.runners.ParentRunner.access$000(ParentRunner.java:53)
	at org.junit.runners.ParentRunner$2.evaluate(ParentRunner.java:229)
	at org.junit.runners.ParentRunner.run(ParentRunner.java:309)
	at org.junit.runners.Suite.runChild(Suite.java:127)
	at org.junit.runners.Suite.runChild(Suite.java:26)
	at org.junit.runners.ParentRunner$3.run(ParentRunner.java:238)
	at org.junit.runners.ParentRunner$1.schedule(ParentRunner.java:63)
	at org.junit.runners.ParentRunner.runChildren(ParentRunner.java:236)
	at org.junit.runners.ParentRunner.access$000(ParentRunner.java:53)
	at org.junit.runners.ParentRunner$2.evaluate(ParentRunner.java:229)
	at org.junit.runners.ParentRunner.run(ParentRunner.java:309)
	at org.apache.maven.surefire.junit4.JUnit4Provider.execute(JUnit4Provider.java:252)
	at org.apache.maven.surefire.junit4.JUnit4Provider.executeTestSet(JUnit4Provider.java:141)
	at org.apache.maven.surefire.junit4.JUnit4Provider.invoke(JUnit4Provider.java:112)
	at sun.reflect.NativeMethodAccessorImpl.invoke0(Native Method)
	at sun.reflect.NativeMethodAccessorImpl.invoke(NativeMethodAccessorImpl.java:62)
	at sun.reflect.DelegatingMethodAccessorImpl.invoke(DelegatingMethodAccessorImpl.java:43)
	at java.lang.reflect.Method.invoke(Method.java:497)
	at org.apache.maven.surefire.util.ReflectionUtils.invokeMethodWithArray(ReflectionUtils.java:189)
	at org.apache.maven.surefire.booter.ProviderFactory$ProviderProxy.invoke(ProviderFactory.java:165)
	at org.apache.maven.surefire.booter.ProviderFactory.invokeProvider(ProviderFactory.java:85)
	at org.apache.maven.surefire.booter.ForkedBooter.runSuitesInProcess(ForkedBooter.java:115)
	at org.apache.maven.surefire.booter.ForkedBooter.main(ForkedBooter.java:75)
</error>
    <system-err>line 63 column 7 - Warning: &lt;div&gt; missing &apos;&gt;&apos; for end of tag
line 311 column 1 - Warning: discarding unexpected &lt;/div&gt;
line 225 column 1 - Warning: missing &lt;/footer&gt;
line 72 column 9 - Warning: &lt;img&gt; lacks &quot;alt&quot; attribute
line 66 column 11 - Warning: trimming empty &lt;span&gt;
line 67 column 11 - Warning: trimming empty &lt;span&gt;
line 68 column 11 - Warning: trimming empty &lt;span&gt;
line 78 column 95 - Warning: trimming empty &lt;i&gt;
line 78 column 120 - Warning: trimming empty &lt;span&gt;
line 84 column 21 - Warning: trimming empty &lt;i&gt;
line 91 column 21 - Warning: trimming empty &lt;i&gt;
line 96 column 15 - Warning: trimming empty &lt;li&gt;
line 101 column 21 - Warning: trimming empty &lt;i&gt;
line 108 column 21 - Warning: trimming empty &lt;i&gt;
line 115 column 21 - Warning: trimming empty &lt;i&gt;
line 122 column 21 - Warning: trimming empty &lt;i&gt;
line 129 column 21 - Warning: trimming empty &lt;i&gt;
line 136 column 21 - Warning: trimming empty &lt;i&gt;
line 143 column 21 - Warning: trimming empty &lt;i&gt;
line 150 column 21 - Warning: trimming empty &lt;i&gt;
line 157 column 21 - Warning: trimming empty &lt;i&gt;
line 164 column 21 - Warning: trimming empty &lt;i&gt;
line 171 column 21 - Warning: trimming empty &lt;i&gt;
line 211 column 42 - Warning: trimming empty &lt;i&gt;
line 298 column 9 - Warning: trimming empty &lt;i&gt;
line 301 column 9 - Warning: trimming empty &lt;i&gt;
line 304 column 9 - Warning: trimming empty &lt;i&gt;
line 307 column 9 - Warning: trimming empty &lt;i&gt;
</system-err>
  </testcase>
  <testcase classname="org.datacite.schema.test.HtmlTest" name="testIndexHtmlIsValid[_site/meta/kernel-2.2/index.html]" time="0.024">
    <error message="Process exited with an error: 1 (Exit value: 1)" type="org.apache.commons.exec.ExecuteException">org.apache.commons.exec.ExecuteException: Process exited with an error: 1 (Exit value: 1)
	at org.apache.commons.exec.DefaultExecutor.executeInternal(DefaultExecutor.java:377)
	at org.apache.commons.exec.DefaultExecutor.execute(DefaultExecutor.java:160)
	at org.apache.commons.exec.DefaultExecutor.execute(DefaultExecutor.java:147)
	at org.datacite.schema.test.HtmlTest.testIndexHtmlIsValid(HtmlTest.java:42)
	at sun.reflect.NativeMethodAccessorImpl.invoke0(Native Method)
	at sun.reflect.NativeMethodAccessorImpl.invoke(NativeMethodAccessorImpl.java:62)
	at sun.reflect.DelegatingMethodAccessorImpl.invoke(DelegatingMethodAccessorImpl.java:43)
	at java.lang.reflect.Method.invoke(Method.java:497)
	at org.junit.runners.model.FrameworkMethod$1.runReflectiveCall(FrameworkMethod.java:47)
	at org.junit.internal.runners.model.ReflectiveCallable.run(ReflectiveCallable.java:12)
	at org.junit.runners.model.FrameworkMethod.invokeExplosively(FrameworkMethod.java:44)
	at org.junit.internal.runners.statements.InvokeMethod.evaluate(InvokeMethod.java:17)
	at org.junit.runners.ParentRunner.runLeaf(ParentRunner.java:271)
	at org.junit.runners.BlockJUnit4ClassRunner.runChild(BlockJUnit4ClassRunner.java:70)
	at org.junit.runners.BlockJUnit4ClassRunner.runChild(BlockJUnit4ClassRunner.java:50)
	at org.junit.runners.ParentRunner$3.run(ParentRunner.java:238)
	at org.junit.runners.ParentRunner$1.schedule(ParentRunner.java:63)
	at org.junit.runners.ParentRunner.runChildren(ParentRunner.java:236)
	at org.junit.runners.ParentRunner.access$000(ParentRunner.java:53)
	at org.junit.runners.ParentRunner$2.evaluate(ParentRunner.java:229)
	at org.junit.runners.ParentRunner.run(ParentRunner.java:309)
	at org.junit.runners.Suite.runChild(Suite.java:127)
	at org.junit.runners.Suite.runChild(Suite.java:26)
	at org.junit.runners.ParentRunner$3.run(ParentRunner.java:238)
	at org.junit.runners.ParentRunner$1.schedule(ParentRunner.java:63)
	at org.junit.runners.ParentRunner.runChildren(ParentRunner.java:236)
	at org.junit.runners.ParentRunner.access$000(ParentRunner.java:53)
	at org.junit.runners.ParentRunner$2.evaluate(ParentRunner.java:229)
	at org.junit.runners.ParentRunner.run(ParentRunner.java:309)
	at org.apache.maven.surefire.junit4.JUnit4Provider.execute(JUnit4Provider.java:252)
	at org.apache.maven.surefire.junit4.JUnit4Provider.executeTestSet(JUnit4Provider.java:141)
	at org.apache.maven.surefire.junit4.JUnit4Provider.invoke(JUnit4Provider.java:112)
	at sun.reflect.NativeMethodAccessorImpl.invoke0(Native Method)
	at sun.reflect.NativeMethodAccessorImpl.invoke(NativeMethodAccessorImpl.java:62)
	at sun.reflect.DelegatingMethodAccessorImpl.invoke(DelegatingMethodAccessorImpl.java:43)
	at java.lang.reflect.Method.invoke(Method.java:497)
	at org.apache.maven.surefire.util.ReflectionUtils.invokeMethodWithArray(ReflectionUtils.java:189)
	at org.apache.maven.surefire.booter.ProviderFactory$ProviderProxy.invoke(ProviderFactory.java:165)
	at org.apache.maven.surefire.booter.ProviderFactory.invokeProvider(ProviderFactory.java:85)
	at org.apache.maven.surefire.booter.ForkedBooter.runSuitesInProcess(ForkedBooter.java:115)
	at org.apache.maven.surefire.booter.ForkedBooter.main(ForkedBooter.java:75)
</error>
    <system-err>line 63 column 7 - Warning: &lt;div&gt; missing &apos;&gt;&apos; for end of tag
line 316 column 1 - Warning: discarding unexpected &lt;/div&gt;
line 230 column 1 - Warning: missing &lt;/footer&gt;
line 72 column 9 - Warning: &lt;img&gt; lacks &quot;alt&quot; attribute
line 66 column 11 - Warning: trimming empty &lt;span&gt;
line 67 column 11 - Warning: trimming empty &lt;span&gt;
line 68 column 11 - Warning: trimming empty &lt;span&gt;
line 78 column 95 - Warning: trimming empty &lt;i&gt;
line 78 column 120 - Warning: trimming empty &lt;span&gt;
line 84 column 21 - Warning: trimming empty &lt;i&gt;
line 91 column 21 - Warning: trimming empty &lt;i&gt;
line 96 column 15 - Warning: trimming empty &lt;li&gt;
line 101 column 21 - Warning: trimming empty &lt;i&gt;
line 108 column 21 - Warning: trimming empty &lt;i&gt;
line 115 column 21 - Warning: trimming empty &lt;i&gt;
line 122 column 21 - Warning: trimming empty &lt;i&gt;
line 129 column 21 - Warning: trimming empty &lt;i&gt;
line 136 column 21 - Warning: trimming empty &lt;i&gt;
line 143 column 21 - Warning: trimming empty &lt;i&gt;
line 150 column 21 - Warning: trimming empty &lt;i&gt;
line 157 column 21 - Warning: trimming empty &lt;i&gt;
line 164 column 21 - Warning: trimming empty &lt;i&gt;
line 171 column 21 - Warning: trimming empty &lt;i&gt;
line 216 column 42 - Warning: trimming empty &lt;i&gt;
line 303 column 9 - Warning: trimming empty &lt;i&gt;
line 306 column 9 - Warning: trimming empty &lt;i&gt;
line 309 column 9 - Warning: trimming empty &lt;i&gt;
line 312 column 9 - Warning: trimming empty &lt;i&gt;
</system-err>
  </testcase>
  <testcase classname="org.datacite.schema.test.HtmlTest" name="testIndexHtmlIsValid[_site/meta/kernel-3.0/index.html]" time="0.018">
    <error message="Process exited with an error: 1 (Exit value: 1)" type="org.apache.commons.exec.ExecuteException">org.apache.commons.exec.ExecuteException: Process exited with an error: 1 (Exit value: 1)
	at org.apache.commons.exec.DefaultExecutor.executeInternal(DefaultExecutor.java:377)
	at org.apache.commons.exec.DefaultExecutor.execute(DefaultExecutor.java:160)
	at org.apache.commons.exec.DefaultExecutor.execute(DefaultExecutor.java:147)
	at org.datacite.schema.test.HtmlTest.testIndexHtmlIsValid(HtmlTest.java:42)
	at sun.reflect.NativeMethodAccessorImpl.invoke0(Native Method)
	at sun.reflect.NativeMethodAccessorImpl.invoke(NativeMethodAccessorImpl.java:62)
	at sun.reflect.DelegatingMethodAccessorImpl.invoke(DelegatingMethodAccessorImpl.java:43)
	at java.lang.reflect.Method.invoke(Method.java:497)
	at org.junit.runners.model.FrameworkMethod$1.runReflectiveCall(FrameworkMethod.java:47)
	at org.junit.internal.runners.model.ReflectiveCallable.run(ReflectiveCallable.java:12)
	at org.junit.runners.model.FrameworkMethod.invokeExplosively(FrameworkMethod.java:44)
	at org.junit.internal.runners.statements.InvokeMethod.evaluate(InvokeMethod.java:17)
	at org.junit.runners.ParentRunner.runLeaf(ParentRunner.java:271)
	at org.junit.runners.BlockJUnit4ClassRunner.runChild(BlockJUnit4ClassRunner.java:70)
	at org.junit.runners.BlockJUnit4ClassRunner.runChild(BlockJUnit4ClassRunner.java:50)
	at org.junit.runners.ParentRunner$3.run(ParentRunner.java:238)
	at org.junit.runners.ParentRunner$1.schedule(ParentRunner.java:63)
	at org.junit.runners.ParentRunner.runChildren(ParentRunner.java:236)
	at org.junit.runners.ParentRunner.access$000(ParentRunner.java:53)
	at org.junit.runners.ParentRunner$2.evaluate(ParentRunner.java:229)
	at org.junit.runners.ParentRunner.run(ParentRunner.java:309)
	at org.junit.runners.Suite.runChild(Suite.java:127)
	at org.junit.runners.Suite.runChild(Suite.java:26)
	at org.junit.runners.ParentRunner$3.run(ParentRunner.java:238)
	at org.junit.runners.ParentRunner$1.schedule(ParentRunner.java:63)
	at org.junit.runners.ParentRunner.runChildren(ParentRunner.java:236)
	at org.junit.runners.ParentRunner.access$000(ParentRunner.java:53)
	at org.junit.runners.ParentRunner$2.evaluate(ParentRunner.java:229)
	at org.junit.runners.ParentRunner.run(ParentRunner.java:309)
	at org.apache.maven.surefire.junit4.JUnit4Provider.execute(JUnit4Provider.java:252)
	at org.apache.maven.surefire.junit4.JUnit4Provider.executeTestSet(JUnit4Provider.java:141)
	at org.apache.maven.surefire.junit4.JUnit4Provider.invoke(JUnit4Provider.java:112)
	at sun.reflect.NativeMethodAccessorImpl.invoke0(Native Method)
	at sun.reflect.NativeMethodAccessorImpl.invoke(NativeMethodAccessorImpl.java:62)
	at sun.reflect.DelegatingMethodAccessorImpl.invoke(DelegatingMethodAccessorImpl.java:43)
	at java.lang.reflect.Method.invoke(Method.java:497)
	at org.apache.maven.surefire.util.ReflectionUtils.invokeMethodWithArray(ReflectionUtils.java:189)
	at org.apache.maven.surefire.booter.ProviderFactory$ProviderProxy.invoke(ProviderFactory.java:165)
	at org.apache.maven.surefire.booter.ProviderFactory.invokeProvider(ProviderFactory.java:85)
	at org.apache.maven.surefire.booter.ForkedBooter.runSuitesInProcess(ForkedBooter.java:115)
	at org.apache.maven.surefire.booter.ForkedBooter.main(ForkedBooter.java:75)
</error>
    <system-err>line 63 column 7 - Warning: &lt;div&gt; missing &apos;&gt;&apos; for end of tag
line 320 column 1 - Warning: discarding unexpected &lt;/div&gt;
line 234 column 1 - Warning: missing &lt;/footer&gt;
line 72 column 9 - Warning: &lt;img&gt; lacks &quot;alt&quot; attribute
line 66 column 11 - Warning: trimming empty &lt;span&gt;
line 67 column 11 - Warning: trimming empty &lt;span&gt;
line 68 column 11 - Warning: trimming empty &lt;span&gt;
line 78 column 95 - Warning: trimming empty &lt;i&gt;
line 78 column 120 - Warning: trimming empty &lt;span&gt;
line 84 column 21 - Warning: trimming empty &lt;i&gt;
line 91 column 21 - Warning: trimming empty &lt;i&gt;
line 96 column 15 - Warning: trimming empty &lt;li&gt;
line 101 column 21 - Warning: trimming empty &lt;i&gt;
line 108 column 21 - Warning: trimming empty &lt;i&gt;
line 115 column 21 - Warning: trimming empty &lt;i&gt;
line 122 column 21 - Warning: trimming empty &lt;i&gt;
line 129 column 21 - Warning: trimming empty &lt;i&gt;
line 136 column 21 - Warning: trimming empty &lt;i&gt;
line 143 column 21 - Warning: trimming empty &lt;i&gt;
line 150 column 21 - Warning: trimming empty &lt;i&gt;
line 157 column 21 - Warning: trimming empty &lt;i&gt;
line 164 column 21 - Warning: trimming empty &lt;i&gt;
line 171 column 21 - Warning: trimming empty &lt;i&gt;
line 220 column 42 - Warning: trimming empty &lt;i&gt;
line 307 column 9 - Warning: trimming empty &lt;i&gt;
line 310 column 9 - Warning: trimming empty &lt;i&gt;
line 313 column 9 - Warning: trimming empty &lt;i&gt;
line 316 column 9 - Warning: trimming empty &lt;i&gt;
</system-err>
  </testcase>
  <testcase classname="org.datacite.schema.test.HtmlTest" name="testIndexHtmlIsValid[_site/meta/kernel-3.1/index.html]" time="0.022">
    <error message="Process exited with an error: 1 (Exit value: 1)" type="org.apache.commons.exec.ExecuteException">org.apache.commons.exec.ExecuteException: Process exited with an error: 1 (Exit value: 1)
	at org.apache.commons.exec.DefaultExecutor.executeInternal(DefaultExecutor.java:377)
	at org.apache.commons.exec.DefaultExecutor.execute(DefaultExecutor.java:160)
	at org.apache.commons.exec.DefaultExecutor.execute(DefaultExecutor.java:147)
	at org.datacite.schema.test.HtmlTest.testIndexHtmlIsValid(HtmlTest.java:42)
	at sun.reflect.NativeMethodAccessorImpl.invoke0(Native Method)
	at sun.reflect.NativeMethodAccessorImpl.invoke(NativeMethodAccessorImpl.java:62)
	at sun.reflect.DelegatingMethodAccessorImpl.invoke(DelegatingMethodAccessorImpl.java:43)
	at java.lang.reflect.Method.invoke(Method.java:497)
	at org.junit.runners.model.FrameworkMethod$1.runReflectiveCall(FrameworkMethod.java:47)
	at org.junit.internal.runners.model.ReflectiveCallable.run(ReflectiveCallable.java:12)
	at org.junit.runners.model.FrameworkMethod.invokeExplosively(FrameworkMethod.java:44)
	at org.junit.internal.runners.statements.InvokeMethod.evaluate(InvokeMethod.java:17)
	at org.junit.runners.ParentRunner.runLeaf(ParentRunner.java:271)
	at org.junit.runners.BlockJUnit4ClassRunner.runChild(BlockJUnit4ClassRunner.java:70)
	at org.junit.runners.BlockJUnit4ClassRunner.runChild(BlockJUnit4ClassRunner.java:50)
	at org.junit.runners.ParentRunner$3.run(ParentRunner.java:238)
	at org.junit.runners.ParentRunner$1.schedule(ParentRunner.java:63)
	at org.junit.runners.ParentRunner.runChildren(ParentRunner.java:236)
	at org.junit.runners.ParentRunner.access$000(ParentRunner.java:53)
	at org.junit.runners.ParentRunner$2.evaluate(ParentRunner.java:229)
	at org.junit.runners.ParentRunner.run(ParentRunner.java:309)
	at org.junit.runners.Suite.runChild(Suite.java:127)
	at org.junit.runners.Suite.runChild(Suite.java:26)
	at org.junit.runners.ParentRunner$3.run(ParentRunner.java:238)
	at org.junit.runners.ParentRunner$1.schedule(ParentRunner.java:63)
	at org.junit.runners.ParentRunner.runChildren(ParentRunner.java:236)
	at org.junit.runners.ParentRunner.access$000(ParentRunner.java:53)
	at org.junit.runners.ParentRunner$2.evaluate(ParentRunner.java:229)
	at org.junit.runners.ParentRunner.run(ParentRunner.java:309)
	at org.apache.maven.surefire.junit4.JUnit4Provider.execute(JUnit4Provider.java:252)
	at org.apache.maven.surefire.junit4.JUnit4Provider.executeTestSet(JUnit4Provider.java:141)
	at org.apache.maven.surefire.junit4.JUnit4Provider.invoke(JUnit4Provider.java:112)
	at sun.reflect.NativeMethodAccessorImpl.invoke0(Native Method)
	at sun.reflect.NativeMethodAccessorImpl.invoke(NativeMethodAccessorImpl.java:62)
	at sun.reflect.DelegatingMethodAccessorImpl.invoke(DelegatingMethodAccessorImpl.java:43)
	at java.lang.reflect.Method.invoke(Method.java:497)
	at org.apache.maven.surefire.util.ReflectionUtils.invokeMethodWithArray(ReflectionUtils.java:189)
	at org.apache.maven.surefire.booter.ProviderFactory$ProviderProxy.invoke(ProviderFactory.java:165)
	at org.apache.maven.surefire.booter.ProviderFactory.invokeProvider(ProviderFactory.java:85)
	at org.apache.maven.surefire.booter.ForkedBooter.runSuitesInProcess(ForkedBooter.java:115)
	at org.apache.maven.surefire.booter.ForkedBooter.main(ForkedBooter.java:75)
</error>
    <system-err>line 63 column 7 - Warning: &lt;div&gt; missing &apos;&gt;&apos; for end of tag
line 321 column 1 - Warning: discarding unexpected &lt;/div&gt;
line 235 column 1 - Warning: missing &lt;/footer&gt;
line 72 column 9 - Warning: &lt;img&gt; lacks &quot;alt&quot; attribute
line 66 column 11 - Warning: trimming empty &lt;span&gt;
line 67 column 11 - Warning: trimming empty &lt;span&gt;
line 68 column 11 - Warning: trimming empty &lt;span&gt;
line 78 column 95 - Warning: trimming empty &lt;i&gt;
line 78 column 120 - Warning: trimming empty &lt;span&gt;
line 84 column 21 - Warning: trimming empty &lt;i&gt;
line 91 column 21 - Warning: trimming empty &lt;i&gt;
line 96 column 15 - Warning: trimming empty &lt;li&gt;
line 101 column 21 - Warning: trimming empty &lt;i&gt;
line 108 column 21 - Warning: trimming empty &lt;i&gt;
line 115 column 21 - Warning: trimming empty &lt;i&gt;
line 122 column 21 - Warning: trimming empty &lt;i&gt;
line 129 column 21 - Warning: trimming empty &lt;i&gt;
line 136 column 21 - Warning: trimming empty &lt;i&gt;
line 143 column 21 - Warning: trimming empty &lt;i&gt;
line 150 column 21 - Warning: trimming empty &lt;i&gt;
line 157 column 21 - Warning: trimming empty &lt;i&gt;
line 164 column 21 - Warning: trimming empty &lt;i&gt;
line 171 column 21 - Warning: trimming empty &lt;i&gt;
line 221 column 42 - Warning: trimming empty &lt;i&gt;
line 308 column 9 - Warning: trimming empty &lt;i&gt;
line 311 column 9 - Warning: trimming empty &lt;i&gt;
line 314 column 9 - Warning: trimming empty &lt;i&gt;
line 317 column 9 - Warning: trimming empty &lt;i&gt;
</system-err>
  </testcase>
  <testcase classname="org.datacite.schema.test.HtmlTest" name="testIndexHtmlIsValid[_site/meta/kernel-3/index.html]" time="0.016">
    <error message="Process exited with an error: 1 (Exit value: 1)" type="org.apache.commons.exec.ExecuteException">org.apache.commons.exec.ExecuteException: Process exited with an error: 1 (Exit value: 1)
	at org.apache.commons.exec.DefaultExecutor.executeInternal(DefaultExecutor.java:377)
	at org.apache.commons.exec.DefaultExecutor.execute(DefaultExecutor.java:160)
	at org.apache.commons.exec.DefaultExecutor.execute(DefaultExecutor.java:147)
	at org.datacite.schema.test.HtmlTest.testIndexHtmlIsValid(HtmlTest.java:42)
	at sun.reflect.NativeMethodAccessorImpl.invoke0(Native Method)
	at sun.reflect.NativeMethodAccessorImpl.invoke(NativeMethodAccessorImpl.java:62)
	at sun.reflect.DelegatingMethodAccessorImpl.invoke(DelegatingMethodAccessorImpl.java:43)
	at java.lang.reflect.Method.invoke(Method.java:497)
	at org.junit.runners.model.FrameworkMethod$1.runReflectiveCall(FrameworkMethod.java:47)
	at org.junit.internal.runners.model.ReflectiveCallable.run(ReflectiveCallable.java:12)
	at org.junit.runners.model.FrameworkMethod.invokeExplosively(FrameworkMethod.java:44)
	at org.junit.internal.runners.statements.InvokeMethod.evaluate(InvokeMethod.java:17)
	at org.junit.runners.ParentRunner.runLeaf(ParentRunner.java:271)
	at org.junit.runners.BlockJUnit4ClassRunner.runChild(BlockJUnit4ClassRunner.java:70)
	at org.junit.runners.BlockJUnit4ClassRunner.runChild(BlockJUnit4ClassRunner.java:50)
	at org.junit.runners.ParentRunner$3.run(ParentRunner.java:238)
	at org.junit.runners.ParentRunner$1.schedule(ParentRunner.java:63)
	at org.junit.runners.ParentRunner.runChildren(ParentRunner.java:236)
	at org.junit.runners.ParentRunner.access$000(ParentRunner.java:53)
	at org.junit.runners.ParentRunner$2.evaluate(ParentRunner.java:229)
	at org.junit.runners.ParentRunner.run(ParentRunner.java:309)
	at org.junit.runners.Suite.runChild(Suite.java:127)
	at org.junit.runners.Suite.runChild(Suite.java:26)
	at org.junit.runners.ParentRunner$3.run(ParentRunner.java:238)
	at org.junit.runners.ParentRunner$1.schedule(ParentRunner.java:63)
	at org.junit.runners.ParentRunner.runChildren(ParentRunner.java:236)
	at org.junit.runners.ParentRunner.access$000(ParentRunner.java:53)
	at org.junit.runners.ParentRunner$2.evaluate(ParentRunner.java:229)
	at org.junit.runners.ParentRunner.run(ParentRunner.java:309)
	at org.apache.maven.surefire.junit4.JUnit4Provider.execute(JUnit4Provider.java:252)
	at org.apache.maven.surefire.junit4.JUnit4Provider.executeTestSet(JUnit4Provider.java:141)
	at org.apache.maven.surefire.junit4.JUnit4Provider.invoke(JUnit4Provider.java:112)
	at sun.reflect.NativeMethodAccessorImpl.invoke0(Native Method)
	at sun.reflect.NativeMethodAccessorImpl.invoke(NativeMethodAccessorImpl.java:62)
	at sun.reflect.DelegatingMethodAccessorImpl.invoke(DelegatingMethodAccessorImpl.java:43)
	at java.lang.reflect.Method.invoke(Method.java:497)
	at org.apache.maven.surefire.util.ReflectionUtils.invokeMethodWithArray(ReflectionUtils.java:189)
	at org.apache.maven.surefire.booter.ProviderFactory$ProviderProxy.invoke(ProviderFactory.java:165)
	at org.apache.maven.surefire.booter.ProviderFactory.invokeProvider(ProviderFactory.java:85)
	at org.apache.maven.surefire.booter.ForkedBooter.runSuitesInProcess(ForkedBooter.java:115)
	at org.apache.maven.surefire.booter.ForkedBooter.main(ForkedBooter.java:75)
</error>
    <system-err>line 63 column 7 - Warning: &lt;div&gt; missing &apos;&gt;&apos; for end of tag
line 321 column 1 - Warning: discarding unexpected &lt;/div&gt;
line 235 column 1 - Warning: missing &lt;/footer&gt;
line 72 column 9 - Warning: &lt;img&gt; lacks &quot;alt&quot; attribute
line 66 column 11 - Warning: trimming empty &lt;span&gt;
line 67 column 11 - Warning: trimming empty &lt;span&gt;
line 68 column 11 - Warning: trimming empty &lt;span&gt;
line 78 column 95 - Warning: trimming empty &lt;i&gt;
line 78 column 120 - Warning: trimming empty &lt;span&gt;
line 84 column 21 - Warning: trimming empty &lt;i&gt;
line 91 column 21 - Warning: trimming empty &lt;i&gt;
line 96 column 15 - Warning: trimming empty &lt;li&gt;
line 101 column 21 - Warning: trimming empty &lt;i&gt;
line 108 column 21 - Warning: trimming empty &lt;i&gt;
line 115 column 21 - Warning: trimming empty &lt;i&gt;
line 122 column 21 - Warning: trimming empty &lt;i&gt;
line 129 column 21 - Warning: trimming empty &lt;i&gt;
line 136 column 21 - Warning: trimming empty &lt;i&gt;
line 143 column 21 - Warning: trimming empty &lt;i&gt;
line 150 column 21 - Warning: trimming empty &lt;i&gt;
line 157 column 21 - Warning: trimming empty &lt;i&gt;
line 164 column 21 - Warning: trimming empty &lt;i&gt;
line 171 column 21 - Warning: trimming empty &lt;i&gt;
line 221 column 42 - Warning: trimming empty &lt;i&gt;
line 308 column 9 - Warning: trimming empty &lt;i&gt;
line 311 column 9 - Warning: trimming empty &lt;i&gt;
line 314 column 9 - Warning: trimming empty &lt;i&gt;
line 317 column 9 - Warning: trimming empty &lt;i&gt;
</system-err>
  </testcase>
  <testcase classname="org.datacite.schema.test.HtmlTest" name="testIndexHtmlIsValid[_site/meta/kernel-4/doc/index.html]" time="0.092">
    <error message="Process exited with an error: 2 (Exit value: 2)" type="org.apache.commons.exec.ExecuteException">org.apache.commons.exec.ExecuteException: Process exited with an error: 2 (Exit value: 2)
	at org.apache.commons.exec.DefaultExecutor.executeInternal(DefaultExecutor.java:377)
	at org.apache.commons.exec.DefaultExecutor.execute(DefaultExecutor.java:160)
	at org.apache.commons.exec.DefaultExecutor.execute(DefaultExecutor.java:147)
	at org.datacite.schema.test.HtmlTest.testIndexHtmlIsValid(HtmlTest.java:42)
	at sun.reflect.NativeMethodAccessorImpl.invoke0(Native Method)
	at sun.reflect.NativeMethodAccessorImpl.invoke(NativeMethodAccessorImpl.java:62)
	at sun.reflect.DelegatingMethodAccessorImpl.invoke(DelegatingMethodAccessorImpl.java:43)
	at java.lang.reflect.Method.invoke(Method.java:497)
	at org.junit.runners.model.FrameworkMethod$1.runReflectiveCall(FrameworkMethod.java:47)
	at org.junit.internal.runners.model.ReflectiveCallable.run(ReflectiveCallable.java:12)
	at org.junit.runners.model.FrameworkMethod.invokeExplosively(FrameworkMethod.java:44)
	at org.junit.internal.runners.statements.InvokeMethod.evaluate(InvokeMethod.java:17)
	at org.junit.runners.ParentRunner.runLeaf(ParentRunner.java:271)
	at org.junit.runners.BlockJUnit4ClassRunner.runChild(BlockJUnit4ClassRunner.java:70)
	at org.junit.runners.BlockJUnit4ClassRunner.runChild(BlockJUnit4ClassRunner.java:50)
	at org.junit.runners.ParentRunner$3.run(ParentRunner.java:238)
	at org.junit.runners.ParentRunner$1.schedule(ParentRunner.java:63)
	at org.junit.runners.ParentRunner.runChildren(ParentRunner.java:236)
	at org.junit.runners.ParentRunner.access$000(ParentRunner.java:53)
	at org.junit.runners.ParentRunner$2.evaluate(ParentRunner.java:229)
	at org.junit.runners.ParentRunner.run(ParentRunner.java:309)
	at org.junit.runners.Suite.runChild(Suite.java:127)
	at org.junit.runners.Suite.runChild(Suite.java:26)
	at org.junit.runners.ParentRunner$3.run(ParentRunner.java:238)
	at org.junit.runners.ParentRunner$1.schedule(ParentRunner.java:63)
	at org.junit.runners.ParentRunner.runChildren(ParentRunner.java:236)
	at org.junit.runners.ParentRunner.access$000(ParentRunner.java:53)
	at org.junit.runners.ParentRunner$2.evaluate(ParentRunner.java:229)
	at org.junit.runners.ParentRunner.run(ParentRunner.java:309)
	at org.apache.maven.surefire.junit4.JUnit4Provider.execute(JUnit4Provider.java:252)
	at org.apache.maven.surefire.junit4.JUnit4Provider.executeTestSet(JUnit4Provider.java:141)
	at org.apache.maven.surefire.junit4.JUnit4Provider.invoke(JUnit4Provider.java:112)
	at sun.reflect.NativeMethodAccessorImpl.invoke0(Native Method)
	at sun.reflect.NativeMethodAccessorImpl.invoke(NativeMethodAccessorImpl.java:62)
	at sun.reflect.DelegatingMethodAccessorImpl.invoke(DelegatingMethodAccessorImpl.java:43)
	at java.lang.reflect.Method.invoke(Method.java:497)
	at org.apache.maven.surefire.util.ReflectionUtils.invokeMethodWithArray(ReflectionUtils.java:189)
	at org.apache.maven.surefire.booter.ProviderFactory$ProviderProxy.invoke(ProviderFactory.java:165)
	at org.apache.maven.surefire.booter.ProviderFactory.invokeProvider(ProviderFactory.java:85)
	at org.apache.maven.surefire.booter.ForkedBooter.runSuitesInProcess(ForkedBooter.java:115)
	at org.apache.maven.surefire.booter.ForkedBooter.main(ForkedBooter.java:75)
</error>
    <system-err>line 63 column 7 - Warning: &lt;div&gt; missing &apos;&gt;&apos; for end of tag
line 261 column 1 - Warning: &lt;pre&gt; isn&apos;t allowed in &lt;tr&gt; elements
line 260 column 1 - Info: &lt;tr&gt; previously mentioned
line 266 column 1 - Warning: missing &lt;td&gt;
line 268 column 1 - Warning: &lt;pre&gt; isn&apos;t allowed in &lt;tr&gt; elements
line 267 column 1 - Info: &lt;tr&gt; previously mentioned
line 273 column 1 - Warning: missing &lt;td&gt;
line 326 column 1 - Warning: &lt;pre&gt; isn&apos;t allowed in &lt;tr&gt; elements
line 325 column 1 - Info: &lt;tr&gt; previously mentioned
line 329 column 1 - Warning: missing &lt;td&gt;
line 331 column 1 - Warning: &lt;pre&gt; isn&apos;t allowed in &lt;tr&gt; elements
line 330 column 1 - Info: &lt;tr&gt; previously mentioned
line 334 column 1 - Warning: missing &lt;td&gt;
line 336 column 1 - Warning: &lt;pre&gt; isn&apos;t allowed in &lt;tr&gt; elements
line 335 column 1 - Info: &lt;tr&gt; previously mentioned
line 339 column 1 - Warning: missing &lt;td&gt;
line 341 column 1 - Warning: &lt;pre&gt; isn&apos;t allowed in &lt;tr&gt; elements
line 340 column 1 - Info: &lt;tr&gt; previously mentioned
line 344 column 1 - Warning: missing &lt;td&gt;
line 346 column 1 - Warning: &lt;pre&gt; isn&apos;t allowed in &lt;tr&gt; elements
line 345 column 1 - Info: &lt;tr&gt; previously mentioned
line 349 column 1 - Warning: missing &lt;td&gt;
line 351 column 1 - Warning: &lt;pre&gt; isn&apos;t allowed in &lt;tr&gt; elements
line 350 column 1 - Info: &lt;tr&gt; previously mentioned
line 354 column 1 - Warning: missing &lt;td&gt;
line 356 column 1 - Warning: &lt;pre&gt; isn&apos;t allowed in &lt;tr&gt; elements
line 355 column 1 - Info: &lt;tr&gt; previously mentioned
line 359 column 1 - Warning: missing &lt;td&gt;
line 361 column 1 - Warning: &lt;pre&gt; isn&apos;t allowed in &lt;tr&gt; elements
line 360 column 1 - Info: &lt;tr&gt; previously mentioned
line 364 column 1 - Warning: missing &lt;td&gt;
line 366 column 1 - Warning: &lt;pre&gt; isn&apos;t allowed in &lt;tr&gt; elements
line 365 column 1 - Info: &lt;tr&gt; previously mentioned
line 369 column 1 - Warning: missing &lt;td&gt;
line 371 column 1 - Warning: &lt;pre&gt; isn&apos;t allowed in &lt;tr&gt; elements
line 370 column 1 - Info: &lt;tr&gt; previously mentioned
line 374 column 1 - Warning: missing &lt;td&gt;
line 376 column 1 - Warning: &lt;pre&gt; isn&apos;t allowed in &lt;tr&gt; elements
line 375 column 1 - Info: &lt;tr&gt; previously mentioned
line 379 column 1 - Warning: missing &lt;td&gt;
line 381 column 1 - Warning: &lt;pre&gt; isn&apos;t allowed in &lt;tr&gt; elements
line 380 column 1 - Info: &lt;tr&gt; previously mentioned
line 384 column 1 - Warning: missing &lt;td&gt;
line 386 column 1 - Warning: &lt;pre&gt; isn&apos;t allowed in &lt;tr&gt; elements
line 385 column 1 - Info: &lt;tr&gt; previously mentioned
line 389 column 1 - Warning: missing &lt;td&gt;
line 391 column 1 - Warning: &lt;pre&gt; isn&apos;t allowed in &lt;tr&gt; elements
line 390 column 1 - Info: &lt;tr&gt; previously mentioned
line 394 column 1 - Warning: missing &lt;td&gt;
line 435 column 1 - Warning: &lt;pre&gt; isn&apos;t allowed in &lt;tr&gt; elements
line 434 column 1 - Info: &lt;tr&gt; previously mentioned
line 440 column 1 - Warning: missing &lt;td&gt;
line 442 column 1 - Warning: &lt;pre&gt; isn&apos;t allowed in &lt;tr&gt; elements
line 441 column 1 - Info: &lt;tr&gt; previously mentioned
line 447 column 1 - Warning: missing &lt;td&gt;
line 449 column 1 - Warning: &lt;pre&gt; isn&apos;t allowed in &lt;tr&gt; elements
line 448 column 1 - Info: &lt;tr&gt; previously mentioned
line 454 column 1 - Warning: plain text isn&apos;t allowed in &lt;tr&gt; elements
line 448 column 1 - Info: &lt;tr&gt; previously mentioned
line 455 column 1 - Warning: discarding unexpected &lt;/td&gt;
line 456 column 1 - Warning: missing &lt;td&gt;
line 458 column 1 - Warning: &lt;pre&gt; isn&apos;t allowed in &lt;tr&gt; elements
line 457 column 1 - Info: &lt;tr&gt; previously mentioned
line 463 column 1 - Warning: missing &lt;td&gt;
line 465 column 1 - Warning: &lt;pre&gt; isn&apos;t allowed in &lt;tr&gt; elements
line 464 column 1 - Info: &lt;tr&gt; previously mentioned
line 470 column 1 - Warning: plain text isn&apos;t allowed in &lt;tr&gt; elements
line 464 column 1 - Info: &lt;tr&gt; previously mentioned
line 471 column 1 - Warning: discarding unexpected &lt;/td&gt;
line 472 column 1 - Warning: missing &lt;td&gt;
line 474 column 1 - Warning: &lt;pre&gt; isn&apos;t allowed in &lt;tr&gt; elements
line 473 column 1 - Info: &lt;tr&gt; previously mentioned
line 479 column 1 - Warning: missing &lt;td&gt;
line 481 column 1 - Warning: &lt;pre&gt; isn&apos;t allowed in &lt;tr&gt; elements
line 480 column 1 - Info: &lt;tr&gt; previously mentioned
line 486 column 1 - Warning: missing &lt;td&gt;
line 488 column 1 - Warning: &lt;pre&gt; isn&apos;t allowed in &lt;tr&gt; elements
line 487 column 1 - Info: &lt;tr&gt; previously mentioned
line 493 column 1 - Warning: missing &lt;td&gt;
line 495 column 1 - Warning: &lt;pre&gt; isn&apos;t allowed in &lt;tr&gt; elements
line 494 column 1 - Info: &lt;tr&gt; previously mentioned
line 500 column 1 - Warning: plain text isn&apos;t allowed in &lt;tr&gt; elements
line 494 column 1 - Info: &lt;tr&gt; previously mentioned
line 501 column 1 - Warning: discarding unexpected &lt;/td&gt;
line 502 column 1 - Warning: missing &lt;td&gt;
line 504 column 1 - Warning: &lt;pre&gt; isn&apos;t allowed in &lt;tr&gt; elements
line 503 column 1 - Info: &lt;tr&gt; previously mentioned
line 509 column 1 - Warning: plain text isn&apos;t allowed in &lt;tr&gt; elements
line 503 column 1 - Info: &lt;tr&gt; previously mentioned
line 510 column 1 - Warning: discarding unexpected &lt;/td&gt;
line 511 column 1 - Warning: missing &lt;td&gt;
line 513 column 1 - Warning: &lt;pre&gt; isn&apos;t allowed in &lt;tr&gt; elements
line 512 column 1 - Info: &lt;tr&gt; previously mentioned
line 518 column 1 - Warning: missing &lt;td&gt;
line 520 column 1 - Warning: &lt;pre&gt; isn&apos;t allowed in &lt;tr&gt; elements
line 519 column 1 - Info: &lt;tr&gt; previously mentioned
line 525 column 1 - Warning: discarding unexpected &lt;/td&gt;
line 526 column 1 - Warning: missing &lt;td&gt;
line 528 column 1 - Warning: &lt;pre&gt; isn&apos;t allowed in &lt;tr&gt; elements
line 527 column 1 - Info: &lt;tr&gt; previously mentioned
line 533 column 1 - Warning: plain text isn&apos;t allowed in &lt;tr&gt; elements
line 527 column 1 - Info: &lt;tr&gt; previously mentioned
line 534 column 1 - Warning: discarding unexpected &lt;/td&gt;
line 535 column 1 - Warning: missing &lt;td&gt;
line 537 column 1 - Warning: &lt;pre&gt; isn&apos;t allowed in &lt;tr&gt; elements
line 536 column 1 - Info: &lt;tr&gt; previously mentioned
line 542 column 1 - Warning: missing &lt;td&gt;
line 544 column 1 - Warning: &lt;pre&gt; isn&apos;t allowed in &lt;tr&gt; elements
line 543 column 1 - Info: &lt;tr&gt; previously mentioned
line 549 column 1 - Warning: &lt;hr&gt; isn&apos;t allowed in &lt;tr&gt; elements
line 543 column 1 - Info: &lt;tr&gt; previously mentioned
line 550 column 1 - Warning: plain text isn&apos;t allowed in &lt;tr&gt; elements
line 543 column 1 - Info: &lt;tr&gt; previously mentioned
line 551 column 1 - Warning: discarding unexpected &lt;/td&gt;
line 552 column 1 - Warning: missing &lt;td&gt;
line 574 column 1 - Warning: &lt;pre&gt; isn&apos;t allowed in &lt;tr&gt; elements
line 573 column 1 - Info: &lt;tr&gt; previously mentioned
line 579 column 1 - Warning: missing &lt;td&gt;
line 581 column 1 - Warning: &lt;pre&gt; isn&apos;t allowed in &lt;tr&gt; elements
line 580 column 1 - Info: &lt;tr&gt; previously mentioned
line 586 column 1 - Warning: missing &lt;td&gt;
line 588 column 1 - Warning: &lt;pre&gt; isn&apos;t allowed in &lt;tr&gt; elements
line 587 column 1 - Info: &lt;tr&gt; previously mentioned
line 593 column 1 - Warning: missing &lt;td&gt;
line 595 column 1 - Warning: &lt;pre&gt; isn&apos;t allowed in &lt;tr&gt; elements
line 594 column 1 - Info: &lt;tr&gt; previously mentioned
line 600 column 1 - Warning: &lt;p&gt; isn&apos;t allowed in &lt;tr&gt; elements
line 594 column 1 - Info: &lt;tr&gt; previously mentioned
line 601 column 1 - Warning: plain text isn&apos;t allowed in &lt;tr&gt; elements
line 594 column 1 - Info: &lt;tr&gt; previously mentioned
line 602 column 1 - Warning: discarding unexpected &lt;/td&gt;
line 603 column 1 - Warning: missing &lt;td&gt;
line 605 column 1 - Warning: &lt;pre&gt; isn&apos;t allowed in &lt;tr&gt; elements
line 604 column 1 - Info: &lt;tr&gt; previously mentioned
line 610 column 1 - Warning: plain text isn&apos;t allowed in &lt;tr&gt; elements
line 604 column 1 - Info: &lt;tr&gt; previously mentioned
line 611 column 1 - Warning: discarding unexpected &lt;/td&gt;
line 612 column 1 - Warning: missing &lt;td&gt;
line 614 column 1 - Warning: &lt;pre&gt; isn&apos;t allowed in &lt;tr&gt; elements
line 613 column 1 - Info: &lt;tr&gt; previously mentioned
line 619 column 1 - Warning: missing &lt;td&gt;
line 621 column 1 - Warning: &lt;pre&gt; isn&apos;t allowed in &lt;tr&gt; elements
line 620 column 1 - Info: &lt;tr&gt; previously mentioned
line 622 column 1 - Warning: discarding unexpected &lt;/td&gt;
line 623 column 1 - Warning: &lt;pre&gt; isn&apos;t allowed in &lt;tr&gt; elements
line 620 column 1 - Info: &lt;tr&gt; previously mentioned
line 627 column 1 - Warning: &lt;p&gt; isn&apos;t allowed in &lt;tr&gt; elements
line 620 column 1 - Info: &lt;tr&gt; previously mentioned
line 628 column 1 - Warning: plain text isn&apos;t allowed in &lt;tr&gt; elements
line 620 column 1 - Info: &lt;tr&gt; previously mentioned
line 629 column 1 - Warning: discarding unexpected &lt;/td&gt;
line 630 column 1 - Warning: missing &lt;td&gt;
line 632 column 1 - Warning: &lt;pre&gt; isn&apos;t allowed in &lt;tr&gt; elements
line 631 column 1 - Info: &lt;tr&gt; previously mentioned
line 637 column 1 - Warning: plain text isn&apos;t allowed in &lt;tr&gt; elements
line 631 column 1 - Info: &lt;tr&gt; previously mentioned
line 638 column 1 - Warning: discarding unexpected &lt;/td&gt;
line 639 column 1 - Warning: missing &lt;td&gt;
line 641 column 1 - Warning: &lt;pre&gt; isn&apos;t allowed in &lt;tr&gt; elements
line 640 column 1 - Info: &lt;tr&gt; previously mentioned
line 646 column 1 - Warning: missing &lt;td&gt;
line 648 column 1 - Warning: &lt;pre&gt; isn&apos;t allowed in &lt;tr&gt; elements
line 647 column 1 - Info: &lt;tr&gt; previously mentioned
line 653 column 1 - Warning: plain text isn&apos;t allowed in &lt;tr&gt; elements
line 647 column 1 - Info: &lt;tr&gt; previously mentioned
line 654 column 1 - Warning: discarding unexpected &lt;/td&gt;
line 655 column 1 - Warning: missing &lt;td&gt;
line 657 column 1 - Warning: &lt;pre&gt; isn&apos;t allowed in &lt;tr&gt; elements
line 656 column 1 - Info: &lt;tr&gt; previously mentioned
line 662 column 1 - Warning: plain text isn&apos;t allowed in &lt;tr&gt; elements
line 656 column 1 - Info: &lt;tr&gt; previously mentioned
line 663 column 1 - Warning: discarding unexpected &lt;/td&gt;
line 664 column 1 - Warning: missing &lt;td&gt;
line 666 column 1 - Warning: &lt;pre&gt; isn&apos;t allowed in &lt;tr&gt; elements
line 665 column 1 - Info: &lt;tr&gt; previously mentioned
line 671 column 1 - Warning: missing &lt;td&gt;
line 673 column 1 - Warning: &lt;pre&gt; isn&apos;t allowed in &lt;tr&gt; elements
line 672 column 1 - Info: &lt;tr&gt; previously mentioned
line 678 column 1 - Warning: plain text isn&apos;t allowed in &lt;tr&gt; elements
line 672 column 1 - Info: &lt;tr&gt; previously mentioned
line 679 column 1 - Warning: discarding unexpected &lt;/td&gt;
line 680 column 1 - Warning: missing &lt;td&gt;
line 682 column 1 - Warning: &lt;pre&gt; isn&apos;t allowed in &lt;tr&gt; elements
line 681 column 1 - Info: &lt;tr&gt; previously mentioned
line 687 column 1 - Warning: plain text isn&apos;t allowed in &lt;tr&gt; elements
line 681 column 1 - Info: &lt;tr&gt; previously mentioned
line 688 column 1 - Warning: discarding unexpected &lt;/td&gt;
line 689 column 1 - Warning: missing &lt;td&gt;
line 691 column 1 - Warning: &lt;pre&gt; isn&apos;t allowed in &lt;tr&gt; elements
line 690 column 1 - Info: &lt;tr&gt; previously mentioned
line 696 column 1 - Warning: plain text isn&apos;t allowed in &lt;tr&gt; elements
line 690 column 1 - Info: &lt;tr&gt; previously mentioned
line 697 column 1 - Warning: discarding unexpected &lt;/td&gt;
line 698 column 1 - Warning: missing &lt;td&gt;
line 700 column 1 - Warning: &lt;pre&gt; isn&apos;t allowed in &lt;tr&gt; elements
line 699 column 1 - Info: &lt;tr&gt; previously mentioned
line 705 column 1 - Warning: plain text isn&apos;t allowed in &lt;tr&gt; elements
line 699 column 1 - Info: &lt;tr&gt; previously mentioned
line 706 column 1 - Warning: discarding unexpected &lt;/td&gt;
line 707 column 1 - Warning: missing &lt;td&gt;
line 709 column 1 - Warning: &lt;pre&gt; isn&apos;t allowed in &lt;tr&gt; elements
line 708 column 1 - Info: &lt;tr&gt; previously mentioned
line 714 column 1 - Warning: &lt;p&gt; isn&apos;t allowed in &lt;tr&gt; elements
line 708 column 1 - Info: &lt;tr&gt; previously mentioned
line 715 column 1 - Warning: plain text isn&apos;t allowed in &lt;tr&gt; elements
line 708 column 1 - Info: &lt;tr&gt; previously mentioned
line 716 column 1 - Warning: discarding unexpected &lt;/td&gt;
line 717 column 1 - Warning: missing &lt;td&gt;
line 719 column 1 - Warning: &lt;pre&gt; isn&apos;t allowed in &lt;tr&gt; elements
line 718 column 1 - Info: &lt;tr&gt; previously mentioned
line 724 column 1 - Warning: &lt;hr&gt; isn&apos;t allowed in &lt;tr&gt; elements
line 718 column 1 - Info: &lt;tr&gt; previously mentioned
line 725 column 1 - Warning: plain text isn&apos;t allowed in &lt;tr&gt; elements
line 718 column 1 - Info: &lt;tr&gt; previously mentioned
line 726 column 1 - Warning: discarding unexpected &lt;/td&gt;
line 727 column 1 - Warning: missing &lt;td&gt;
line 729 column 1 - Warning: &lt;pre&gt; isn&apos;t allowed in &lt;tr&gt; elements
line 728 column 1 - Info: &lt;tr&gt; previously mentioned
line 731 column 1 - Warning: discarding unexpected &lt;/td&gt;
line 732 column 1 - Warning: &lt;pre&gt; isn&apos;t allowed in &lt;tr&gt; elements
line 728 column 1 - Info: &lt;tr&gt; previously mentioned
line 735 column 1 - Warning: &lt;hr&gt; isn&apos;t allowed in &lt;tr&gt; elements
line 728 column 1 - Info: &lt;tr&gt; previously mentioned
line 736 column 1 - Warning: plain text isn&apos;t allowed in &lt;tr&gt; elements
line 728 column 1 - Info: &lt;tr&gt; previously mentioned
line 737 column 1 - Warning: discarding unexpected &lt;/td&gt;
line 738 column 1 - Warning: missing &lt;td&gt;
line 740 column 1 - Warning: &lt;pre&gt; isn&apos;t allowed in &lt;tr&gt; elements
line 739 column 1 - Info: &lt;tr&gt; previously mentioned
line 741 column 1 - Warning: discarding unexpected &lt;/td&gt;
line 742 column 1 - Warning: &lt;pre&gt; isn&apos;t allowed in &lt;tr&gt; elements
line 739 column 1 - Info: &lt;tr&gt; previously mentioned
line 743 column 1 - Warning: discarding unexpected &lt;/td&gt;
line 744 column 1 - Warning: &lt;pre&gt; isn&apos;t allowed in &lt;tr&gt; elements
line 739 column 1 - Info: &lt;tr&gt; previously mentioned
line 747 column 1 - Warning: &lt;hr&gt; isn&apos;t allowed in &lt;tr&gt; elements
line 739 column 1 - Info: &lt;tr&gt; previously mentioned
line 748 column 1 - Warning: plain text isn&apos;t allowed in &lt;tr&gt; elements
line 739 column 1 - Info: &lt;tr&gt; previously mentioned
line 749 column 1 - Warning: discarding unexpected &lt;/td&gt;
line 750 column 1 - Warning: missing &lt;td&gt;
line 752 column 1 - Warning: &lt;pre&gt; isn&apos;t allowed in &lt;tr&gt; elements
line 751 column 1 - Info: &lt;tr&gt; previously mentioned
line 757 column 1 - Warning: &lt;p&gt; isn&apos;t allowed in &lt;tr&gt; elements
line 751 column 1 - Info: &lt;tr&gt; previously mentioned
line 758 column 1 - Warning: plain text isn&apos;t allowed in &lt;tr&gt; elements
line 751 column 1 - Info: &lt;tr&gt; previously mentioned
line 759 column 1 - Warning: discarding unexpected &lt;/td&gt;
line 760 column 1 - Warning: missing &lt;td&gt;
line 762 column 1 - Warning: &lt;pre&gt; isn&apos;t allowed in &lt;tr&gt; elements
line 761 column 1 - Info: &lt;tr&gt; previously mentioned
line 763 column 1 - Warning: discarding unexpected &lt;/td&gt;
line 764 column 1 - Warning: &lt;pre&gt; isn&apos;t allowed in &lt;tr&gt; elements
line 761 column 1 - Info: &lt;tr&gt; previously mentioned
line 765 column 1 - Warning: discarding unexpected &lt;/td&gt;
line 766 column 1 - Warning: &lt;pre&gt; isn&apos;t allowed in &lt;tr&gt; elements
line 761 column 1 - Info: &lt;tr&gt; previously mentioned
line 769 column 1 - Warning: &lt;p&gt; isn&apos;t allowed in &lt;tr&gt; elements
line 761 column 1 - Info: &lt;tr&gt; previously mentioned
line 770 column 1 - Warning: plain text isn&apos;t allowed in &lt;tr&gt; elements
line 761 column 1 - Info: &lt;tr&gt; previously mentioned
line 771 column 1 - Warning: discarding unexpected &lt;/td&gt;
line 772 column 1 - Warning: missing &lt;td&gt;
line 774 column 1 - Warning: &lt;pre&gt; isn&apos;t allowed in &lt;tr&gt; elements
line 773 column 1 - Info: &lt;tr&gt; previously mentioned
line 779 column 1 - Warning: plain text isn&apos;t allowed in &lt;tr&gt; elements
line 773 column 1 - Info: &lt;tr&gt; previously mentioned
line 780 column 1 - Warning: discarding unexpected &lt;/td&gt;
line 781 column 1 - Warning: missing &lt;td&gt;
line 783 column 1 - Warning: &lt;pre&gt; isn&apos;t allowed in &lt;tr&gt; elements
line 782 column 1 - Info: &lt;tr&gt; previously mentioned
line 788 column 1 - Warning: plain text isn&apos;t allowed in &lt;tr&gt; elements
line 782 column 1 - Info: &lt;tr&gt; previously mentioned
line 789 column 1 - Warning: discarding unexpected &lt;/td&gt;
line 790 column 1 - Warning: missing &lt;td&gt;
line 792 column 1 - Warning: &lt;pre&gt; isn&apos;t allowed in &lt;tr&gt; elements
line 791 column 1 - Info: &lt;tr&gt; previously mentioned
line 797 column 1 - Warning: plain text isn&apos;t allowed in &lt;tr&gt; elements
line 791 column 1 - Info: &lt;tr&gt; previously mentioned
line 798 column 1 - Warning: discarding unexpected &lt;/td&gt;
line 799 column 1 - Warning: missing &lt;td&gt;
line 801 column 1 - Warning: &lt;pre&gt; isn&apos;t allowed in &lt;tr&gt; elements
line 800 column 1 - Info: &lt;tr&gt; previously mentioned
line 806 column 1 - Warning: &lt;hr&gt; isn&apos;t allowed in &lt;tr&gt; elements
line 800 column 1 - Info: &lt;tr&gt; previously mentioned
line 807 column 1 - Warning: plain text isn&apos;t allowed in &lt;tr&gt; elements
line 800 column 1 - Info: &lt;tr&gt; previously mentioned
line 808 column 1 - Warning: discarding unexpected &lt;/td&gt;
line 809 column 1 - Warning: missing &lt;td&gt;
line 811 column 1 - Warning: &lt;pre&gt; isn&apos;t allowed in &lt;tr&gt; elements
line 810 column 1 - Info: &lt;tr&gt; previously mentioned
line 816 column 1 - Warning: &lt;hr&gt; isn&apos;t allowed in &lt;tr&gt; elements
line 810 column 1 - Info: &lt;tr&gt; previously mentioned
line 817 column 1 - Warning: plain text isn&apos;t allowed in &lt;tr&gt; elements
line 810 column 1 - Info: &lt;tr&gt; previously mentioned
line 818 column 1 - Warning: discarding unexpected &lt;/td&gt;
line 819 column 1 - Warning: missing &lt;td&gt;
line 821 column 1 - Warning: &lt;pre&gt; isn&apos;t allowed in &lt;tr&gt; elements
line 820 column 1 - Info: &lt;tr&gt; previously mentioned
line 822 column 1 - Warning: discarding unexpected &lt;/td&gt;
line 823 column 1 - Warning: &lt;pre&gt; isn&apos;t allowed in &lt;tr&gt; elements
line 820 column 1 - Info: &lt;tr&gt; previously mentioned
line 824 column 1 - Warning: discarding unexpected &lt;/td&gt;
line 825 column 1 - Warning: &lt;pre&gt; isn&apos;t allowed in &lt;tr&gt; elements
line 820 column 1 - Info: &lt;tr&gt; previously mentioned
line 828 column 1 - Warning: plain text isn&apos;t allowed in &lt;tr&gt; elements
line 820 column 1 - Info: &lt;tr&gt; previously mentioned
line 829 column 1 - Warning: discarding unexpected &lt;/td&gt;
line 830 column 1 - Warning: missing &lt;td&gt;
line 832 column 1 - Warning: &lt;pre&gt; isn&apos;t allowed in &lt;tr&gt; elements
line 831 column 1 - Info: &lt;tr&gt; previously mentioned
line 833 column 1 - Warning: discarding unexpected &lt;/td&gt;
line 834 column 1 - Warning: &lt;pre&gt; isn&apos;t allowed in &lt;tr&gt; elements
line 831 column 1 - Info: &lt;tr&gt; previously mentioned
line 838 column 1 - Warning: &lt;hr&gt; isn&apos;t allowed in &lt;tr&gt; elements
line 831 column 1 - Info: &lt;tr&gt; previously mentioned
line 839 column 1 - Warning: plain text isn&apos;t allowed in &lt;tr&gt; elements
line 831 column 1 - Info: &lt;tr&gt; previously mentioned
line 840 column 1 - Warning: discarding unexpected &lt;/td&gt;
line 841 column 1 - Warning: missing &lt;td&gt;
line 843 column 1 - Warning: &lt;pre&gt; isn&apos;t allowed in &lt;tr&gt; elements
line 842 column 1 - Info: &lt;tr&gt; previously mentioned
line 848 column 1 - Warning: plain text isn&apos;t allowed in &lt;tr&gt; elements
line 842 column 1 - Info: &lt;tr&gt; previously mentioned
line 849 column 1 - Warning: discarding unexpected &lt;/td&gt;
line 850 column 1 - Warning: missing &lt;td&gt;
line 852 column 1 - Warning: &lt;pre&gt; isn&apos;t allowed in &lt;tr&gt; elements
line 851 column 1 - Info: &lt;tr&gt; previously mentioned
line 853 column 1 - Warning: discarding unexpected &lt;/td&gt;
line 854 column 1 - Warning: &lt;pre&gt; isn&apos;t allowed in &lt;tr&gt; elements
line 851 column 1 - Info: &lt;tr&gt; previously mentioned
line 858 column 1 - Warning: &lt;hr&gt; isn&apos;t allowed in &lt;tr&gt; elements
line 851 column 1 - Info: &lt;tr&gt; previously mentioned
line 859 column 1 - Warning: plain text isn&apos;t allowed in &lt;tr&gt; elements
line 851 column 1 - Info: &lt;tr&gt; previously mentioned
line 860 column 1 - Warning: discarding unexpected &lt;/td&gt;
line 861 column 1 - Warning: missing &lt;td&gt;
line 863 column 1 - Warning: &lt;pre&gt; isn&apos;t allowed in &lt;tr&gt; elements
line 862 column 1 - Info: &lt;tr&gt; previously mentioned
line 868 column 1 - Warning: plain text isn&apos;t allowed in &lt;tr&gt; elements
line 862 column 1 - Info: &lt;tr&gt; previously mentioned
line 869 column 1 - Warning: discarding unexpected &lt;/td&gt;
line 870 column 1 - Warning: missing &lt;td&gt;
line 872 column 1 - Warning: &lt;pre&gt; isn&apos;t allowed in &lt;tr&gt; elements
line 871 column 1 - Info: &lt;tr&gt; previously mentioned
line 877 column 1 - Warning: missing &lt;td&gt;
line 879 column 1 - Warning: &lt;pre&gt; isn&apos;t allowed in &lt;tr&gt; elements
line 878 column 1 - Info: &lt;tr&gt; previously mentioned
line 883 column 1 - Warning: discarding unexpected &lt;/td&gt;
line 884 column 1 - Warning: &lt;pre&gt; isn&apos;t allowed in &lt;tr&gt; elements
line 878 column 1 - Info: &lt;tr&gt; previously mentioned
line 885 column 1 - Warning: plain text isn&apos;t allowed in &lt;tr&gt; elements
line 878 column 1 - Info: &lt;tr&gt; previously mentioned
line 885 column 40 - Error: &lt;geolocationpoint&gt; is not recognized!
line 885 column 40 - Warning: discarding unexpected &lt;geolocationpoint&gt;
line 885 column 59 - Warning: plain text isn&apos;t allowed in &lt;tr&gt; elements
line 878 column 1 - Info: &lt;tr&gt; previously mentioned
line 885 column 74 - Warning: discarding unexpected &lt;/geolocationpoint&gt;
line 886 column 1 - Warning: discarding unexpected &lt;/td&gt;
line 887 column 1 - Warning: missing &lt;td&gt;
line 889 column 1 - Warning: &lt;pre&gt; isn&apos;t allowed in &lt;tr&gt; elements
line 888 column 1 - Info: &lt;tr&gt; previously mentioned
line 894 column 1 - Warning: plain text isn&apos;t allowed in &lt;tr&gt; elements
line 888 column 1 - Info: &lt;tr&gt; previously mentioned
line 894 column 38 - Error: &lt;geolocationbox&gt; is not recognized!
line 894 column 38 - Warning: discarding unexpected &lt;geolocationbox&gt;
line 894 column 55 - Warning: plain text isn&apos;t allowed in &lt;tr&gt; elements
line 888 column 1 - Info: &lt;tr&gt; previously mentioned
line 894 column 85 - Warning: discarding unexpected &lt;/geolocationbox&gt;
line 895 column 1 - Warning: discarding unexpected &lt;/td&gt;
line 896 column 1 - Warning: missing &lt;td&gt;
line 898 column 1 - Warning: &lt;pre&gt; isn&apos;t allowed in &lt;tr&gt; elements
line 897 column 1 - Info: &lt;tr&gt; previously mentioned
line 903 column 1 - Warning: missing &lt;td&gt;
line 905 column 1 - Warning: &lt;pre&gt; isn&apos;t allowed in &lt;tr&gt; elements
line 904 column 1 - Info: &lt;tr&gt; previously mentioned
line 910 column 1 - Warning: plain text isn&apos;t allowed in &lt;tr&gt; elements
line 904 column 1 - Info: &lt;tr&gt; previously mentioned
line 910 column 10 - Error: &lt;geolocationpolygon&gt; is not recognized!
line 910 column 10 - Warning: discarding unexpected &lt;geolocationpolygon&gt;
line 910 column 31 - Warning: plain text isn&apos;t allowed in &lt;tr&gt; elements
line 904 column 1 - Info: &lt;tr&gt; previously mentioned
line 910 column 136 - Warning: discarding unexpected &lt;/geolocationpolygon&gt;
line 911 column 1 - Warning: discarding unexpected &lt;/td&gt;
line 912 column 1 - Warning: missing &lt;td&gt;
line 914 column 1 - Warning: &lt;pre&gt; isn&apos;t allowed in &lt;tr&gt; elements
line 913 column 1 - Info: &lt;tr&gt; previously mentioned
line 919 column 1 - Warning: missing &lt;td&gt;
line 921 column 1 - Warning: &lt;pre&gt; isn&apos;t allowed in &lt;tr&gt; elements
line 920 column 1 - Info: &lt;tr&gt; previously mentioned
line 926 column 1 - Warning: missing &lt;td&gt;
line 928 column 1 - Warning: &lt;pre&gt; isn&apos;t allowed in &lt;tr&gt; elements
line 927 column 1 - Info: &lt;tr&gt; previously mentioned
line 933 column 1 - Warning: missing &lt;td&gt;
line 935 column 1 - Warning: &lt;pre&gt; isn&apos;t allowed in &lt;tr&gt; elements
line 934 column 1 - Info: &lt;tr&gt; previously mentioned
line 940 column 1 - Warning: plain text isn&apos;t allowed in &lt;tr&gt; elements
line 934 column 1 - Info: &lt;tr&gt; previously mentioned
line 941 column 1 - Warning: discarding unexpected &lt;/td&gt;
line 942 column 1 - Warning: missing &lt;td&gt;
line 944 column 1 - Warning: &lt;pre&gt; isn&apos;t allowed in &lt;tr&gt; elements
line 943 column 1 - Info: &lt;tr&gt; previously mentioned
line 949 column 1 - Warning: plain text isn&apos;t allowed in &lt;tr&gt; elements
line 943 column 1 - Info: &lt;tr&gt; previously mentioned
line 950 column 1 - Warning: discarding unexpected &lt;/td&gt;
line 951 column 1 - Warning: missing &lt;td&gt;
line 953 column 1 - Warning: &lt;pre&gt; isn&apos;t allowed in &lt;tr&gt; elements
line 952 column 1 - Info: &lt;tr&gt; previously mentioned
line 958 column 1 - Warning: plain text isn&apos;t allowed in &lt;tr&gt; elements
line 952 column 1 - Info: &lt;tr&gt; previously mentioned
line 959 column 1 - Warning: discarding unexpected &lt;/td&gt;
line 960 column 1 - Warning: missing &lt;td&gt;
line 986 column 1 - Warning: &lt;pre&gt; isn&apos;t allowed in &lt;tr&gt; elements
line 985 column 1 - Info: &lt;tr&gt; previously mentioned
line 989 column 1 - Warning: missing &lt;td&gt;
line 991 column 1 - Warning: &lt;pre&gt; isn&apos;t allowed in &lt;tr&gt; elements
line 990 column 1 - Info: &lt;tr&gt; previously mentioned
line 994 column 1 - Warning: missing &lt;td&gt;
line 996 column 1 - Warning: &lt;pre&gt; isn&apos;t allowed in &lt;tr&gt; elements
line 995 column 1 - Info: &lt;tr&gt; previously mentioned
line 999 column 1 - Warning: missing &lt;td&gt;
line 1001 column 1 - Warning: &lt;pre&gt; isn&apos;t allowed in &lt;tr&gt; elements
line 1000 column 1 - Info: &lt;tr&gt; previously mentioned
line 1004 column 1 - Warning: missing &lt;td&gt;
line 1006 column 1 - Warning: &lt;pre&gt; isn&apos;t allowed in &lt;tr&gt; elements
line 1005 column 1 - Info: &lt;tr&gt; previously mentioned
line 1009 column 1 - Warning: missing &lt;td&gt;
line 1011 column 1 - Warning: &lt;pre&gt; isn&apos;t allowed in &lt;tr&gt; elements
line 1010 column 1 - Info: &lt;tr&gt; previously mentioned
line 1014 column 1 - Warning: missing &lt;td&gt;
line 1016 column 1 - Warning: &lt;pre&gt; isn&apos;t allowed in &lt;tr&gt; elements
line 1015 column 1 - Info: &lt;tr&gt; previously mentioned
line 1019 column 1 - Warning: missing &lt;td&gt;
line 1021 column 1 - Warning: &lt;pre&gt; isn&apos;t allowed in &lt;tr&gt; elements
line 1020 column 1 - Info: &lt;tr&gt; previously mentioned
line 1024 column 1 - Warning: missing &lt;td&gt;
line 1026 column 1 - Warning: &lt;pre&gt; isn&apos;t allowed in &lt;tr&gt; elements
line 1025 column 1 - Info: &lt;tr&gt; previously mentioned
line 1029 column 1 - Warning: missing &lt;td&gt;
line 1031 column 1 - Warning: &lt;pre&gt; isn&apos;t allowed in &lt;tr&gt; elements
line 1030 column 1 - Info: &lt;tr&gt; previously mentioned
line 1034 column 1 - Warning: missing &lt;td&gt;
line 1036 column 1 - Warning: &lt;pre&gt; isn&apos;t allowed in &lt;tr&gt; elements
line 1035 column 1 - Info: &lt;tr&gt; previously mentioned
line 1039 column 1 - Warning: missing &lt;td&gt;
line 1041 column 1 - Warning: &lt;pre&gt; isn&apos;t allowed in &lt;tr&gt; elements
line 1040 column 1 - Info: &lt;tr&gt; previously mentioned
line 1044 column 1 - Warning: missing &lt;td&gt;
line 1046 column 1 - Warning: &lt;pre&gt; isn&apos;t allowed in &lt;tr&gt; elements
line 1045 column 1 - Info: &lt;tr&gt; previously mentioned
line 1049 column 1 - Warning: missing &lt;td&gt;
line 1051 column 1 - Warning: &lt;pre&gt; isn&apos;t allowed in &lt;tr&gt; elements
line 1050 column 1 - Info: &lt;tr&gt; previously mentioned
line 1054 column 1 - Warning: missing &lt;td&gt;
line 1056 column 1 - Warning: &lt;pre&gt; isn&apos;t allowed in &lt;tr&gt; elements
line 1055 column 1 - Info: &lt;tr&gt; previously mentioned
line 1059 column 1 - Warning: missing &lt;td&gt;
line 1061 column 1 - Warning: &lt;pre&gt; isn&apos;t allowed in &lt;tr&gt; elements
line 1060 column 1 - Info: &lt;tr&gt; previously mentioned
line 1064 column 1 - Warning: missing &lt;td&gt;
line 1066 column 1 - Warning: &lt;pre&gt; isn&apos;t allowed in &lt;tr&gt; elements
line 1065 column 1 - Info: &lt;tr&gt; previously mentioned
line 1069 column 1 - Warning: missing &lt;td&gt;
line 1071 column 1 - Warning: &lt;pre&gt; isn&apos;t allowed in &lt;tr&gt; elements
line 1070 column 1 - Info: &lt;tr&gt; previously mentioned
line 1074 column 1 - Warning: missing &lt;td&gt;
line 1076 column 1 - Warning: &lt;pre&gt; isn&apos;t allowed in &lt;tr&gt; elements
line 1075 column 1 - Info: &lt;tr&gt; previously mentioned
line 1079 column 1 - Warning: missing &lt;td&gt;
line 1081 column 1 - Warning: &lt;pre&gt; isn&apos;t allowed in &lt;tr&gt; elements
line 1080 column 1 - Info: &lt;tr&gt; previously mentioned
line 1084 column 1 - Warning: missing &lt;td&gt;
line 1086 column 1 - Warning: &lt;pre&gt; isn&apos;t allowed in &lt;tr&gt; elements
line 1085 column 1 - Info: &lt;tr&gt; previously mentioned
line 1089 column 1 - Warning: missing &lt;td&gt;
line 1091 column 1 - Warning: &lt;pre&gt; isn&apos;t allowed in &lt;tr&gt; elements
line 1090 column 1 - Info: &lt;tr&gt; previously mentioned
line 1094 column 1 - Warning: missing &lt;td&gt;
line 1099 column 4 - Error: &lt;date&gt; is not recognized!
line 1099 column 4 - Warning: discarding unexpected &lt;date&gt;
line 1099 column 50 - Warning: discarding unexpected &lt;/date&gt;
line 1103 column 1 - Warning: &lt;pre&gt; isn&apos;t allowed in &lt;tr&gt; elements
line 1102 column 1 - Info: &lt;tr&gt; previously mentioned
line 1106 column 1 - Warning: missing &lt;td&gt;
line 1108 column 1 - Warning: &lt;pre&gt; isn&apos;t allowed in &lt;tr&gt; elements
line 1107 column 1 - Info: &lt;tr&gt; previously mentioned
line 1111 column 1 - Warning: missing &lt;td&gt;
line 1113 column 1 - Warning: &lt;pre&gt; isn&apos;t allowed in &lt;tr&gt; elements
line 1112 column 1 - Info: &lt;tr&gt; previously mentioned
line 1116 column 1 - Warning: missing &lt;td&gt;
line 1118 column 1 - Warning: &lt;pre&gt; isn&apos;t allowed in &lt;tr&gt; elements
line 1117 column 1 - Info: &lt;tr&gt; previously mentioned
line 1121 column 1 - Warning: missing &lt;td&gt;
line 1123 column 1 - Warning: &lt;pre&gt; isn&apos;t allowed in &lt;tr&gt; elements
line 1122 column 1 - Info: &lt;tr&gt; previously mentioned
line 1126 column 1 - Warning: missing &lt;td&gt;
line 1128 column 1 - Warning: &lt;pre&gt; isn&apos;t allowed in &lt;tr&gt; elements
line 1127 column 1 - Info: &lt;tr&gt; previously mentioned
line 1131 column 1 - Warning: missing &lt;td&gt;
line 1133 column 1 - Warning: &lt;pre&gt; isn&apos;t allowed in &lt;tr&gt; elements
line 1132 column 1 - Info: &lt;tr&gt; previously mentioned
line 1136 column 1 - Warning: missing &lt;td&gt;
line 1138 column 1 - Warning: &lt;pre&gt; isn&apos;t allowed in &lt;tr&gt; elements
line 1137 column 1 - Info: &lt;tr&gt; previously mentioned
line 1141 column 1 - Warning: &lt;p&gt; isn&apos;t allowed in &lt;tr&gt; elements
line 1137 column 1 - Info: &lt;tr&gt; previously mentioned
line 1142 column 1 - Warning: discarding unexpected &lt;/td&gt;
line 1143 column 1 - Warning: missing &lt;td&gt;
line 1145 column 1 - Warning: &lt;pre&gt; isn&apos;t allowed in &lt;tr&gt; elements
line 1144 column 1 - Info: &lt;tr&gt; previously mentioned
line 1148 column 1 - Warning: missing &lt;td&gt;
line 1150 column 1 - Warning: &lt;pre&gt; isn&apos;t allowed in &lt;tr&gt; elements
line 1149 column 1 - Info: &lt;tr&gt; previously mentioned
line 1153 column 1 - Warning: missing &lt;td&gt;
line 1159 column 1 - Warning: &lt;pre&gt; isn&apos;t allowed in &lt;tr&gt; elements
line 1158 column 1 - Info: &lt;tr&gt; previously mentioned
line 1163 column 1 - Warning: missing &lt;td&gt;
line 1165 column 1 - Warning: &lt;pre&gt; isn&apos;t allowed in &lt;tr&gt; elements
line 1164 column 1 - Info: &lt;tr&gt; previously mentioned
line 1169 column 1 - Warning: missing &lt;td&gt;
line 1171 column 1 - Warning: &lt;pre&gt; isn&apos;t allowed in &lt;tr&gt; elements
line 1170 column 1 - Info: &lt;tr&gt; previously mentioned
line 1175 column 1 - Warning: missing &lt;td&gt;
line 1177 column 1 - Warning: &lt;pre&gt; isn&apos;t allowed in &lt;tr&gt; elements
line 1176 column 1 - Info: &lt;tr&gt; previously mentioned
line 1181 column 1 - Warning: missing &lt;td&gt;
line 1183 column 1 - Warning: &lt;pre&gt; isn&apos;t allowed in &lt;tr&gt; elements
line 1182 column 1 - Info: &lt;tr&gt; previously mentioned
line 1187 column 1 - Warning: missing &lt;td&gt;
line 1189 column 1 - Warning: &lt;pre&gt; isn&apos;t allowed in &lt;tr&gt; elements
line 1188 column 1 - Info: &lt;tr&gt; previously mentioned
line 1193 column 1 - Warning: missing &lt;td&gt;
line 1195 column 1 - Warning: &lt;pre&gt; isn&apos;t allowed in &lt;tr&gt; elements
line 1194 column 1 - Info: &lt;tr&gt; previously mentioned
line 1199 column 1 - Warning: missing &lt;td&gt;
line 1201 column 1 - Warning: &lt;pre&gt; isn&apos;t allowed in &lt;tr&gt; elements
line 1200 column 1 - Info: &lt;tr&gt; previously mentioned
line 1205 column 1 - Warning: missing &lt;td&gt;
line 1207 column 1 - Warning: &lt;pre&gt; isn&apos;t allowed in &lt;tr&gt; elements
line 1206 column 1 - Info: &lt;tr&gt; previously mentioned
line 1210 column 1 - Warning: plain text isn&apos;t allowed in &lt;tr&gt; elements
line 1206 column 1 - Info: &lt;tr&gt; previously mentioned
line 1211 column 1 - Warning: discarding unexpected &lt;/td&gt;
line 1212 column 1 - Warning: &lt;pre&gt; isn&apos;t allowed in &lt;tr&gt; elements
line 1206 column 1 - Info: &lt;tr&gt; previously mentioned
line 1213 column 1 - Warning: missing &lt;td&gt;
line 1215 column 1 - Warning: &lt;pre&gt; isn&apos;t allowed in &lt;tr&gt; elements
line 1214 column 1 - Info: &lt;tr&gt; previously mentioned
line 1218 column 1 - Warning: plain text isn&apos;t allowed in &lt;tr&gt; elements
line 1214 column 1 - Info: &lt;tr&gt; previously mentioned
line 1219 column 1 - Warning: discarding unexpected &lt;/td&gt;
line 1220 column 1 - Warning: &lt;pre&gt; isn&apos;t allowed in &lt;tr&gt; elements
line 1214 column 1 - Info: &lt;tr&gt; previously mentioned
line 1221 column 1 - Warning: missing &lt;td&gt;
line 1223 column 1 - Warning: &lt;pre&gt; isn&apos;t allowed in &lt;tr&gt; elements
line 1222 column 1 - Info: &lt;tr&gt; previously mentioned
line 1227 column 1 - Warning: missing &lt;td&gt;
line 1229 column 1 - Warning: &lt;pre&gt; isn&apos;t allowed in &lt;tr&gt; elements
line 1228 column 1 - Info: &lt;tr&gt; previously mentioned
line 1232 column 1 - Warning: plain text isn&apos;t allowed in &lt;tr&gt; elements
line 1228 column 1 - Info: &lt;tr&gt; previously mentioned
line 1233 column 1 - Warning: discarding unexpected &lt;/td&gt;
line 1234 column 1 - Warning: &lt;pre&gt; isn&apos;t allowed in &lt;tr&gt; elements
line 1228 column 1 - Info: &lt;tr&gt; previously mentioned
line 1235 column 1 - Warning: missing &lt;td&gt;
line 1237 column 1 - Warning: &lt;pre&gt; isn&apos;t allowed in &lt;tr&gt; elements
line 1236 column 1 - Info: &lt;tr&gt; previously mentioned
line 1241 column 1 - Warning: missing &lt;td&gt;
line 1243 column 1 - Warning: &lt;pre&gt; isn&apos;t allowed in &lt;tr&gt; elements
line 1242 column 1 - Info: &lt;tr&gt; previously mentioned
line 1246 column 1 - Warning: plain text isn&apos;t allowed in &lt;tr&gt; elements
line 1242 column 1 - Info: &lt;tr&gt; previously mentioned
line 1247 column 1 - Warning: discarding unexpected &lt;/td&gt;
line 1248 column 1 - Warning: &lt;pre&gt; isn&apos;t allowed in &lt;tr&gt; elements
line 1242 column 1 - Info: &lt;tr&gt; previously mentioned
line 1249 column 1 - Warning: missing &lt;td&gt;
line 1251 column 1 - Warning: &lt;pre&gt; isn&apos;t allowed in &lt;tr&gt; elements
line 1250 column 1 - Info: &lt;tr&gt; previously mentioned
line 1255 column 1 - Warning: missing &lt;td&gt;
line 1257 column 1 - Warning: &lt;pre&gt; isn&apos;t allowed in &lt;tr&gt; elements
line 1256 column 1 - Info: &lt;tr&gt; previously mentioned
line 1261 column 1 - Warning: missing &lt;td&gt;
line 1267 column 1 - Warning: &lt;pre&gt; isn&apos;t allowed in &lt;tr&gt; elements
line 1266 column 1 - Info: &lt;tr&gt; previously mentioned
line 1270 column 1 - Warning: missing &lt;td&gt;
line 1272 column 1 - Warning: &lt;pre&gt; isn&apos;t allowed in &lt;tr&gt; elements
line 1271 column 1 - Info: &lt;tr&gt; previously mentioned
line 1275 column 1 - Warning: discarding unexpected &lt;/relatedidentifier&gt;
line 1276 column 1 - Warning: discarding unexpected &lt;/td&gt;
line 1277 column 1 - Warning: missing &lt;td&gt;
line 1279 column 1 - Warning: &lt;pre&gt; isn&apos;t allowed in &lt;tr&gt; elements
line 1278 column 1 - Info: &lt;tr&gt; previously mentioned
line 1282 column 1 - Warning: plain text isn&apos;t allowed in &lt;tr&gt; elements
line 1278 column 1 - Info: &lt;tr&gt; previously mentioned
line 1282 column 75 - Warning: discarding unexpected &lt;/relatedidentifier&gt;
line 1283 column 1 - Warning: discarding unexpected &lt;/td&gt;
line 1284 column 1 - Warning: missing &lt;td&gt;
line 1286 column 1 - Warning: &lt;pre&gt; isn&apos;t allowed in &lt;tr&gt; elements
line 1285 column 1 - Info: &lt;tr&gt; previously mentioned
line 1289 column 1 - Warning: &lt;p&gt; isn&apos;t allowed in &lt;tr&gt; elements
line 1285 column 1 - Info: &lt;tr&gt; previously mentioned
line 1289 column 81 - Warning: discarding unexpected &lt;/relatedidentifier&gt;
line 1290 column 1 - Warning: plain text isn&apos;t allowed in &lt;tr&gt; elements
line 1285 column 1 - Info: &lt;tr&gt; previously mentioned
line 1291 column 1 - Warning: discarding unexpected &lt;/td&gt;
line 1292 column 1 - Warning: missing &lt;td&gt;
line 1294 column 1 - Warning: &lt;pre&gt; isn&apos;t allowed in &lt;tr&gt; elements
line 1293 column 1 - Info: &lt;tr&gt; previously mentioned
line 1297 column 1 - Warning: discarding unexpected &lt;/relatedidentifier&gt;
line 1298 column 1 - Warning: discarding unexpected &lt;/td&gt;
line 1299 column 1 - Warning: missing &lt;td&gt;
line 1301 column 1 - Warning: &lt;pre&gt; isn&apos;t allowed in &lt;tr&gt; elements
line 1300 column 1 - Info: &lt;tr&gt; previously mentioned
line 1304 column 1 - Warning: discarding unexpected &lt;/relatedidentifier&gt;
line 1305 column 1 - Warning: discarding unexpected &lt;/td&gt;
line 1306 column 1 - Warning: missing &lt;td&gt;
line 1308 column 1 - Warning: &lt;pre&gt; isn&apos;t allowed in &lt;tr&gt; elements
line 1307 column 1 - Info: &lt;tr&gt; previously mentioned
line 1311 column 1 - Warning: discarding unexpected &lt;/relatedidenfifier&gt;
line 1312 column 1 - Warning: discarding unexpected &lt;/td&gt;
line 1313 column 1 - Warning: missing &lt;td&gt;
line 1315 column 1 - Warning: &lt;pre&gt; isn&apos;t allowed in &lt;tr&gt; elements
line 1314 column 1 - Info: &lt;tr&gt; previously mentioned
line 1318 column 1 - Warning: missing &lt;td&gt;
line 1320 column 1 - Warning: &lt;pre&gt; isn&apos;t allowed in &lt;tr&gt; elements
line 1319 column 1 - Info: &lt;tr&gt; previously mentioned
line 1323 column 1 - Warning: discarding unexpected &lt;/relatedidentifier&gt;
line 1324 column 1 - Warning: discarding unexpected &lt;/td&gt;
line 1325 column 1 - Warning: missing &lt;td&gt;
line 1327 column 1 - Warning: &lt;pre&gt; isn&apos;t allowed in &lt;tr&gt; elements
line 1326 column 1 - Info: &lt;tr&gt; previously mentioned
line 1330 column 1 - Warning: discarding unexpected &lt;/relatedidentifier&gt;
line 1331 column 1 - Warning: discarding unexpected &lt;/td&gt;
line 1332 column 1 - Warning: missing &lt;td&gt;
line 1334 column 1 - Warning: &lt;pre&gt; isn&apos;t allowed in &lt;tr&gt; elements
line 1333 column 1 - Info: &lt;tr&gt; previously mentioned
line 1337 column 1 - Warning: discarding unexpected &lt;/relatedidentifier&gt;
line 1338 column 1 - Warning: discarding unexpected &lt;/td&gt;
line 1339 column 1 - Warning: missing &lt;td&gt;
line 1341 column 1 - Warning: &lt;pre&gt; isn&apos;t allowed in &lt;tr&gt; elements
line 1340 column 1 - Info: &lt;tr&gt; previously mentioned
line 1344 column 1 - Warning: discarding unexpected &lt;/relatedidentifier&gt;
line 1345 column 1 - Warning: discarding unexpected &lt;/td&gt;
line 1346 column 1 - Warning: missing &lt;td&gt;
line 1348 column 1 - Warning: &lt;pre&gt; isn&apos;t allowed in &lt;tr&gt; elements
line 1347 column 1 - Info: &lt;tr&gt; previously mentioned
line 1351 column 1 - Warning: missing &lt;td&gt;
line 1353 column 1 - Warning: &lt;pre&gt; isn&apos;t allowed in &lt;tr&gt; elements
line 1352 column 1 - Info: &lt;tr&gt; previously mentioned
line 1356 column 1 - Warning: missing &lt;td&gt;
line 1358 column 1 - Warning: &lt;pre&gt; isn&apos;t allowed in &lt;tr&gt; elements
line 1357 column 1 - Info: &lt;tr&gt; previously mentioned
line 1361 column 1 - Warning: missing &lt;td&gt;
line 1363 column 1 - Warning: &lt;pre&gt; isn&apos;t allowed in &lt;tr&gt; elements
line 1362 column 1 - Info: &lt;tr&gt; previously mentioned
line 1365 column 1 - Warning: discarding unexpected &lt;/td&gt;
line 1366 column 1 - Warning: &lt;pre&gt; isn&apos;t allowed in &lt;tr&gt; elements
line 1362 column 1 - Info: &lt;tr&gt; previously mentioned
line 1367 column 1 - Warning: missing &lt;td&gt;
line 1369 column 1 - Warning: &lt;pre&gt; isn&apos;t allowed in &lt;tr&gt; elements
line 1368 column 1 - Info: &lt;tr&gt; previously mentioned
line 1372 column 1 - Warning: missing &lt;td&gt;
line 1374 column 1 - Warning: &lt;pre&gt; isn&apos;t allowed in &lt;tr&gt; elements
line 1373 column 1 - Info: &lt;tr&gt; previously mentioned
line 1376 column 1 - Warning: plain text isn&apos;t allowed in &lt;tr&gt; elements
line 1373 column 1 - Info: &lt;tr&gt; previously mentioned
line 1377 column 1 - Warning: discarding unexpected &lt;/td&gt;
line 1378 column 1 - Warning: &lt;pre&gt; isn&apos;t allowed in &lt;tr&gt; elements
line 1373 column 1 - Info: &lt;tr&gt; previously mentioned
line 1379 column 1 - Warning: missing &lt;td&gt;
line 1381 column 1 - Warning: &lt;pre&gt; isn&apos;t allowed in &lt;tr&gt; elements
line 1380 column 1 - Info: &lt;tr&gt; previously mentioned
line 1384 column 1 - Warning: missing &lt;td&gt;
line 1391 column 1 - Warning: &lt;pre&gt; isn&apos;t allowed in &lt;tr&gt; elements
line 1390 column 1 - Info: &lt;tr&gt; previously mentioned
line 1394 column 1 - Warning: missing &lt;td&gt;
line 1396 column 1 - Warning: &lt;pre&gt; isn&apos;t allowed in &lt;tr&gt; elements
line 1395 column 1 - Info: &lt;tr&gt; previously mentioned
line 1399 column 1 - Warning: plain text isn&apos;t allowed in &lt;tr&gt; elements
line 1395 column 1 - Info: &lt;tr&gt; previously mentioned
line 1399 column 101 - Warning: discarding unexpected &lt;/relatedidentifier&gt;
line 1400 column 1 - Warning: discarding unexpected &lt;/td&gt;
line 1401 column 1 - Warning: missing &lt;td&gt;
line 1403 column 1 - Warning: &lt;pre&gt; isn&apos;t allowed in &lt;tr&gt; elements
line 1402 column 1 - Info: &lt;tr&gt; previously mentioned
line 1406 column 1 - Error: &lt;relatedidentifier&gt; is not recognized!
line 1406 column 1 - Warning: discarding unexpected &lt;relatedidentifier&gt;
line 1407 column 22 - Warning: plain text isn&apos;t allowed in &lt;tr&gt; elements
line 1402 column 1 - Info: &lt;tr&gt; previously mentioned
line 1407 column 33 - Warning: discarding unexpected &lt;/relatedidentifier&gt;
line 1408 column 1 - Warning: discarding unexpected &lt;/td&gt;
line 1409 column 1 - Warning: missing &lt;td&gt;
line 1411 column 1 - Warning: &lt;pre&gt; isn&apos;t allowed in &lt;tr&gt; elements
line 1410 column 1 - Info: &lt;tr&gt; previously mentioned
line 1414 column 1 - Error: &lt;relatedidentifier&gt; is not recognized!
</system-err>
  </testcase>
  <testcase classname="org.datacite.schema.test.HtmlTest" name="testIndexHtmlIsValid[_site/meta/kernel-4/index.html]" time="0.025">
    <error message="Process exited with an error: 1 (Exit value: 1)" type="org.apache.commons.exec.ExecuteException">org.apache.commons.exec.ExecuteException: Process exited with an error: 1 (Exit value: 1)
	at org.apache.commons.exec.DefaultExecutor.executeInternal(DefaultExecutor.java:377)
	at org.apache.commons.exec.DefaultExecutor.execute(DefaultExecutor.java:160)
	at org.apache.commons.exec.DefaultExecutor.execute(DefaultExecutor.java:147)
	at org.datacite.schema.test.HtmlTest.testIndexHtmlIsValid(HtmlTest.java:42)
	at sun.reflect.NativeMethodAccessorImpl.invoke0(Native Method)
	at sun.reflect.NativeMethodAccessorImpl.invoke(NativeMethodAccessorImpl.java:62)
	at sun.reflect.DelegatingMethodAccessorImpl.invoke(DelegatingMethodAccessorImpl.java:43)
	at java.lang.reflect.Method.invoke(Method.java:497)
	at org.junit.runners.model.FrameworkMethod$1.runReflectiveCall(FrameworkMethod.java:47)
	at org.junit.internal.runners.model.ReflectiveCallable.run(ReflectiveCallable.java:12)
	at org.junit.runners.model.FrameworkMethod.invokeExplosively(FrameworkMethod.java:44)
	at org.junit.internal.runners.statements.InvokeMethod.evaluate(InvokeMethod.java:17)
	at org.junit.runners.ParentRunner.runLeaf(ParentRunner.java:271)
	at org.junit.runners.BlockJUnit4ClassRunner.runChild(BlockJUnit4ClassRunner.java:70)
	at org.junit.runners.BlockJUnit4ClassRunner.runChild(BlockJUnit4ClassRunner.java:50)
	at org.junit.runners.ParentRunner$3.run(ParentRunner.java:238)
	at org.junit.runners.ParentRunner$1.schedule(ParentRunner.java:63)
	at org.junit.runners.ParentRunner.runChildren(ParentRunner.java:236)
	at org.junit.runners.ParentRunner.access$000(ParentRunner.java:53)
	at org.junit.runners.ParentRunner$2.evaluate(ParentRunner.java:229)
	at org.junit.runners.ParentRunner.run(ParentRunner.java:309)
	at org.junit.runners.Suite.runChild(Suite.java:127)
	at org.junit.runners.Suite.runChild(Suite.java:26)
	at org.junit.runners.ParentRunner$3.run(ParentRunner.java:238)
	at org.junit.runners.ParentRunner$1.schedule(ParentRunner.java:63)
	at org.junit.runners.ParentRunner.runChildren(ParentRunner.java:236)
	at org.junit.runners.ParentRunner.access$000(ParentRunner.java:53)
	at org.junit.runners.ParentRunner$2.evaluate(ParentRunner.java:229)
	at org.junit.runners.ParentRunner.run(ParentRunner.java:309)
	at org.apache.maven.surefire.junit4.JUnit4Provider.execute(JUnit4Provider.java:252)
	at org.apache.maven.surefire.junit4.JUnit4Provider.executeTestSet(JUnit4Provider.java:141)
	at org.apache.maven.surefire.junit4.JUnit4Provider.invoke(JUnit4Provider.java:112)
	at sun.reflect.NativeMethodAccessorImpl.invoke0(Native Method)
	at sun.reflect.NativeMethodAccessorImpl.invoke(NativeMethodAccessorImpl.java:62)
	at sun.reflect.DelegatingMethodAccessorImpl.invoke(DelegatingMethodAccessorImpl.java:43)
	at java.lang.reflect.Method.invoke(Method.java:497)
	at org.apache.maven.surefire.util.ReflectionUtils.invokeMethodWithArray(ReflectionUtils.java:189)
	at org.apache.maven.surefire.booter.ProviderFactory$ProviderProxy.invoke(ProviderFactory.java:165)
	at org.apache.maven.surefire.booter.ProviderFactory.invokeProvider(ProviderFactory.java:85)
	at org.apache.maven.surefire.booter.ForkedBooter.runSuitesInProcess(ForkedBooter.java:115)
	at org.apache.maven.surefire.booter.ForkedBooter.main(ForkedBooter.java:75)
</error>
    <system-err>line 63 column 7 - Warning: &lt;div&gt; missing &apos;&gt;&apos; for end of tag
line 324 column 1 - Warning: discarding unexpected &lt;/div&gt;
line 238 column 1 - Warning: missing &lt;/footer&gt;
line 72 column 9 - Warning: &lt;img&gt; lacks &quot;alt&quot; attribute
line 225 column 58 - Warning: &lt;a&gt; attribute &quot;href&quot; lacks value
line 226 column 61 - Warning: &lt;a&gt; attribute &quot;href&quot; lacks value
line 66 column 11 - Warning: trimming empty &lt;span&gt;
line 67 column 11 - Warning: trimming empty &lt;span&gt;
line 68 column 11 - Warning: trimming empty &lt;span&gt;
line 78 column 95 - Warning: trimming empty &lt;i&gt;
line 78 column 120 - Warning: trimming empty &lt;span&gt;
line 84 column 21 - Warning: trimming empty &lt;i&gt;
line 91 column 21 - Warning: trimming empty &lt;i&gt;
line 96 column 15 - Warning: trimming empty &lt;li&gt;
line 101 column 21 - Warning: trimming empty &lt;i&gt;
line 108 column 21 - Warning: trimming empty &lt;i&gt;
line 115 column 21 - Warning: trimming empty &lt;i&gt;
line 122 column 21 - Warning: trimming empty &lt;i&gt;
line 129 column 21 - Warning: trimming empty &lt;i&gt;
line 136 column 21 - Warning: trimming empty &lt;i&gt;
line 143 column 21 - Warning: trimming empty &lt;i&gt;
line 150 column 21 - Warning: trimming empty &lt;i&gt;
line 157 column 21 - Warning: trimming empty &lt;i&gt;
line 164 column 21 - Warning: trimming empty &lt;i&gt;
line 171 column 21 - Warning: trimming empty &lt;i&gt;
line 224 column 42 - Warning: trimming empty &lt;i&gt;
line 311 column 9 - Warning: trimming empty &lt;i&gt;
line 314 column 9 - Warning: trimming empty &lt;i&gt;
line 317 column 9 - Warning: trimming empty &lt;i&gt;
line 320 column 9 - Warning: trimming empty &lt;i&gt;
</system-err>
  </testcase>
  <testcase classname="org.datacite.schema.test.HtmlTest" name="testIndexHtmlIsValid[_site/oai/oai-1.0/index.html]" time="0.014"/>
</testsuite>